#
# There is insufficient memory for the Java Runtime Environment to continue.
# Native memory allocation (mmap) failed to map 27262976 bytes for committing reserved memory.
# Possible reasons:
#   The system is out of physical RAM or swap space
#   In 32 bit mode, the process size limit was hit
# Possible solutions:
#   Reduce memory load on the system
#   Increase physical memory or swap space
#   Check if swap backing store is full
#   Use 64 bit Java on a 64 bit OS
#   Decrease Java heap size (-Xmx/-Xms)
#   Decrease number of Java threads
#   Decrease Java thread stack sizes (-Xss)
#   Set larger code cache with -XX:ReservedCodeCacheSize=
# This output file may be truncated or incomplete.
#
#  Out of Memory Error (os_linux.cpp:2640), pid=11225, tid=0x6dcffb40
#
# JRE version: Java(TM) SE Runtime Environment (8.0_141-b15) (build 1.8.0_141-b15)
# Java VM: Java HotSpot(TM) Server VM (25.141-b15 mixed mode linux-x86 )
# Failed to write core dump. Core dumps have been disabled. To enable core dumping, try "ulimit -c unlimited" before starting Java again
#

---------------  T H R E A D  ---------------

Current thread (0x6dd81800):  VMThread [stack: 0x6dc7f000,0x6dd00000] [id=11234]

Stack: [0x6dc7f000,0x6dd00000],  sp=0x6dcfe790,  free space=509k
Native frames: (J=compiled Java code, j=interpreted, Vv=VM code, C=native code)
V  [libjvm.so+0x8db3bf]  VMError::report_and_die()+0x16f
V  [libjvm.so+0x3927d5]  report_vm_out_of_memory(char const*, int, unsigned int, VMErrorType, char const*)+0x55
V  [libjvm.so+0x75be96]  os::Linux::commit_memory_impl(char*, unsigned int, bool)+0xe6
V  [libjvm.so+0x75c2b8]  os::pd_commit_memory(char*, unsigned int, unsigned int, bool)+0x28
V  [libjvm.so+0x7561cc]  os::commit_memory(char*, unsigned int, unsigned int, bool)+0x2c
V  [libjvm.so+0x7c1aa8]  PSVirtualSpace::expand_by(unsigned int)+0x48
V  [libjvm.so+0x7c2baa]  PSYoungGen::resize_generation(unsigned int, unsigned int)+0xda
V  [libjvm.so+0x7c1ed9]  PSYoungGen::resize(unsigned int, unsigned int)+0x19
V  [libjvm.so+0x7bf805]  PSScavenge::invoke_no_policy()+0xd15
V  [libjvm.so+0x7bba05]  PSParallelCompact::invoke(bool)+0x75
V  [libjvm.so+0x32712d]  CollectedHeap::collect_as_vm_thread(GCCause::Cause)+0xed
V  [libjvm.so+0x8dc985]  VM_CollectForMetadataAllocation::doit()+0x145
V  [libjvm.so+0x8e6547]  VM_Operation::evaluate()+0x47
V  [libjvm.so+0x8e4623]  VMThread::evaluate_operation(VM_Operation*)+0xb3
V  [libjvm.so+0x8e49c0]  VMThread::loop()+0x1b0
V  [libjvm.so+0x8e4e25]  VMThread::run()+0x85
V  [libjvm.so+0x75e759]  java_start(Thread*)+0x119
C  [libpthread.so.0+0x6295]  start_thread+0xe5

VM_Operation (0xb6f10bdc): CollectForMetadataAllocation, mode: safepoint, requested by thread 0xb6d09c00


---------------  P R O C E S S  ---------------

Java Threads: ( => current thread )
  0x6ddabc00 JavaThread "Service Thread" daemon [_thread_blocked, id=11241, stack(0x6da0d000,0x6da5e000)]
  0x6dda8800 JavaThread "C1 CompilerThread2" daemon [_thread_blocked, id=11240, stack(0x6d57d000,0x6d5fe000)]
  0x6dda7400 JavaThread "C2 CompilerThread1" daemon [_thread_blocked, id=11239, stack(0x6d5fe000,0x6d67f000)]
  0x6dda5400 JavaThread "C2 CompilerThread0" daemon [_thread_blocked, id=11238, stack(0x6d67f000,0x6d700000)]
  0x6dda3c00 JavaThread "Signal Dispatcher" daemon [_thread_blocked, id=11237, stack(0x6da5e000,0x6daaf000)]
  0x6dd89000 JavaThread "Finalizer" daemon [_thread_blocked, id=11236, stack(0x6daaf000,0x6db00000)]
  0x6dd86000 JavaThread "Reference Handler" daemon [_thread_blocked, id=11235, stack(0x6dc2e000,0x6dc7f000)]
  0xb6d09c00 JavaThread "main" [_thread_blocked, id=11229, stack(0xb6ec4000,0xb6f15000)]

Other Threads:
=>0x6dd81800 VMThread [stack: 0x6dc7f000,0x6dd00000] [id=11234]
  0x6ddb6c00 WatcherThread [stack: 0x6d4fc000,0x6d57d000] [id=11242]

VM state:at safepoint (normal execution)

VM Mutex/Monitor currently owned by a thread:  ([mutex/lock_event])
[0xb6d07168] Threads_lock - owner thread: 0x6dd81800
[0xb6d07578] Heap_lock - owner thread: 0xb6d09c00

Heap:
 PSYoungGen      total 32768K, used 3598K [0x95400000, 0x97980000, 0xa7800000)
  eden space 27648K, 0% used [0x95400000,0x95400000,0x96f00000)
  from space 5120K, 70% used [0x97480000,0x97803a08,0x97980000)
  to   space 5120K, 0% used [0x96f00000,0x96f00000,0x97400000)
 ParOldGen       total 38400K, used 8555K [0x70c00000, 0x73180000, 0x95400000)
  object space 38400K, 22% used [0x70c00000,0x7145ad30,0x73180000)
 Metaspace       used 16201K, capacity 16347K, committed 16384K, reserved 16688K

Card table byte_map: [0x70a49000,0x70c00000] byte_map_base: 0x706c3000

Marking Bits: (ParMarkBitMap*) 0xb797c820
 Begin Bits: [0x6e7a0000, 0x6f550000)
 End Bits:   [0x6f550000, 0x70300000)

Polling page: 0xb7f8a000

CodeCache: size=245760Kb used=4419Kb max_used=4430Kb free=241340Kb
 bounds [0xa7d00000, 0xa8158000, 0xb6d00000]
 total_blobs=1910 nmethods=1711 adapters=112
 compilation: enabled

Compilation events (10 events):
Event: 12,690 Thread 0x6dda8800 1709       3       java.net.URLConnection::<init> (44 bytes)
Event: 12,690 Thread 0x6dda8800 nmethod 1709 0xa814ad88 code [0xa814aea0, 0xa814b000]
Event: 12,707 Thread 0x6dda5400 1710       4       java.util.BitSet::checkInvariants (111 bytes)
Event: 12,708 Thread 0x6dda5400 nmethod 1710 0xa814a588 code [0xa814a680, 0xa814a6d0]
Event: 12,725 Thread 0x6dda8800 1711       3       java.lang.System::getProperty (25 bytes)
Event: 12,726 Thread 0x6dda8800 nmethod 1711 0xa8152cc8 code [0xa8152e60, 0xa815333c]
Event: 12,726 Thread 0x6dda8800 1712       3       com.sun.org.apache.xerces.internal.util.FeatureState::isExceptional (8 bytes)
Event: 12,726 Thread 0x6dda8800 nmethod 1712 0xa81529c8 code [0xa8152ae0, 0xa8152c40]
Event: 12,732 Thread 0x6dda7400 1713       4       java.util.HashMap::newNode (13 bytes)
Event: 12,733 Thread 0x6dda7400 nmethod 1713 0xa814fb48 code [0xa814fc40, 0xa814fcf0]

GC Heap History (10 events):
Event: 7,115 GC heap after
Heap after GC invocations=3 (full 0):
 PSYoungGen      total 16640K, used 2293K [0x95400000, 0x96680000, 0xa7800000)
  eden space 14336K, 0% used [0x95400000,0x95400000,0x96200000)
  from space 2304K, 99% used [0x96200000,0x9643d450,0x96440000)
  to   space 2304K, 0% used [0x96440000,0x96440000,0x96680000)
 ParOldGen       total 38400K, used 2778K [0x70c00000, 0x73180000, 0x95400000)
  object space 38400K, 7% used [0x70c00000,0x70eb69c0,0x73180000)
 Metaspace       used 8826K, capacity 8886K, committed 8984K, reserved 9520K
}
Event: 8,067 GC heap before
{Heap before GC invocations=4 (full 0):
 PSYoungGen      total 16640K, used 16629K [0x95400000, 0x96680000, 0xa7800000)
  eden space 14336K, 100% used [0x95400000,0x96200000,0x96200000)
  from space 2304K, 99% used [0x96200000,0x9643d450,0x96440000)
  to   space 2304K, 0% used [0x96440000,0x96440000,0x96680000)
 ParOldGen       total 38400K, used 2778K [0x70c00000, 0x73180000, 0x95400000)
  object space 38400K, 7% used [0x70c00000,0x70eb69c0,0x73180000)
 Metaspace       used 10152K, capacity 10200K, committed 10392K, reserved 10544K
Event: 8,077 GC heap after
Heap after GC invocations=4 (full 0):
 PSYoungGen      total 16640K, used 2294K [0x95400000, 0x96680000, 0xa7800000)
  eden space 14336K, 0% used [0x95400000,0x95400000,0x96200000)
  from space 2304K, 99% used [0x96440000,0x9667dba8,0x96680000)
  to   space 2304K, 0% used [0x96200000,0x96200000,0x96440000)
 ParOldGen       total 38400K, used 4663K [0x70c00000, 0x73180000, 0x95400000)
  object space 38400K, 12% used [0x70c00000,0x7108dd38,0x73180000)
 Metaspace       used 10152K, capacity 10200K, committed 10392K, reserved 10544K
}
Event: 8,620 GC heap before
{Heap before GC invocations=5 (full 0):
 PSYoungGen      total 16640K, used 16630K [0x95400000, 0x96680000, 0xa7800000)
  eden space 14336K, 100% used [0x95400000,0x96200000,0x96200000)
  from space 2304K, 99% used [0x96440000,0x9667dba8,0x96680000)
  to   space 2304K, 0% used [0x96200000,0x96200000,0x96440000)
 ParOldGen       total 38400K, used 4663K [0x70c00000, 0x73180000, 0x95400000)
  object space 38400K, 12% used [0x70c00000,0x7108dd38,0x73180000)
 Metaspace       used 10775K, capacity 10813K, committed 10904K, reserved 11568K
Event: 8,631 GC heap after
Heap after GC invocations=5 (full 0):
 PSYoungGen      total 16640K, used 2301K [0x95400000, 0x97a00000, 0xa7800000)
  eden space 14336K, 0% used [0x95400000,0x95400000,0x96200000)
  from space 2304K, 99% used [0x96200000,0x9643f620,0x96440000)
  to   space 5120K, 0% used [0x97500000,0x97500000,0x97a00000)
 ParOldGen       total 38400K, used 6802K [0x70c00000, 0x73180000, 0x95400000)
  object space 38400K, 17% used [0x70c00000,0x712a49f8,0x73180000)
 Metaspace       used 10775K, capacity 10813K, committed 10904K, reserved 11568K
}
Event: 11,546 GC heap before
{Heap before GC invocations=6 (full 0):
 PSYoungGen      total 16640K, used 16637K [0x95400000, 0x97a00000, 0xa7800000)
  eden space 14336K, 100% used [0x95400000,0x96200000,0x96200000)
  from space 2304K, 99% used [0x96200000,0x9643f620,0x96440000)
  to   space 5120K, 0% used [0x97500000,0x97500000,0x97a00000)
 ParOldGen       total 38400K, used 6802K [0x70c00000, 0x73180000, 0x95400000)
  object space 38400K, 17% used [0x70c00000,0x712a49f8,0x73180000)
 Metaspace       used 12608K, capacity 12763K, committed 12824K, reserved 13616K
Event: 11,565 GC heap after
Heap after GC invocations=6 (full 0):
 PSYoungGen      total 18176K, used 4068K [0x95400000, 0x97900000, 0xa7800000)
  eden space 14080K, 0% used [0x95400000,0x95400000,0x961c0000)
  from space 4096K, 99% used [0x97500000,0x978f9350,0x97900000)
  to   space 5120K, 0% used [0x96f00000,0x96f00000,0x97400000)
 ParOldGen       total 38400K, used 6806K [0x70c00000, 0x73180000, 0x95400000)
  object space 38400K, 17% used [0x70c00000,0x712a59f8,0x73180000)
 Metaspace       used 12608K, capacity 12763K, committed 12824K, reserved 13616K
}
Event: 12,196 GC heap before
{Heap before GC invocations=7 (full 0):
 PSYoungGen      total 18176K, used 18148K [0x95400000, 0x97900000, 0xa7800000)
  eden space 14080K, 100% used [0x95400000,0x961c0000,0x961c0000)
  from space 4096K, 99% used [0x97500000,0x978f9350,0x97900000)
  to   space 5120K, 0% used [0x96f00000,0x96f00000,0x97400000)
 ParOldGen       total 38400K, used 6806K [0x70c00000, 0x73180000, 0x95400000)
  object space 38400K, 17% used [0x70c00000,0x712a59f8,0x73180000)
 Metaspace       used 14489K, capacity 14651K, committed 14744K, reserved 15664K
Event: 12,213 GC heap after
Heap after GC invocations=7 (full 0):
 PSYoungGen      total 32768K, used 3950K [0x95400000, 0x97980000, 0xa7800000)
  eden space 27648K, 0% used [0x95400000,0x95400000,0x96f00000)
  from space 5120K, 77% used [0x96f00000,0x972dba08,0x97400000)
  to   space 5120K, 0% used [0x97480000,0x97480000,0x97980000)
 ParOldGen       total 38400K, used 7724K [0x70c00000, 0x73180000, 0x95400000)
  object space 38400K, 20% used [0x70c00000,0x7138b290,0x73180000)
 Metaspace       used 14489K, capacity 14651K, committed 14744K, reserved 15664K
}
Event: 12,754 GC heap before
{Heap before GC invocations=8 (full 0):
 PSYoungGen      total 32768K, used 21119K [0x95400000, 0x97980000, 0xa7800000)
  eden space 27648K, 62% used [0x95400000,0x964c4210,0x96f00000)
  from space 5120K, 77% used [0x96f00000,0x972dba08,0x97400000)
  to   space 5120K, 0% used [0x97480000,0x97480000,0x97980000)
 ParOldGen       total 38400K, used 7724K [0x70c00000, 0x73180000, 0x95400000)
  object space 38400K, 20% used [0x70c00000,0x7138b290,0x73180000)
 Metaspace       used 16201K, capacity 16347K, committed 16384K, reserved 16688K

Deoptimization events (10 events):
Event: 4,635 Thread 0xb6d09c00 Uncommon trap: reason=range_check action=make_not_entrant pc=0xa7ebecc4 method=sun.reflect.generics.parser.SignatureParser.current()C @ 34
Event: 4,744 Thread 0xb6d09c00 Uncommon trap: reason=unstable_if action=reinterpret pc=0xa7e74d80 method=sun.misc.MetaIndex.mayContain(Ljava/lang/String;)Z @ 38
Event: 4,882 Thread 0xb6d09c00 Uncommon trap: reason=unstable_if action=reinterpret pc=0xa7ea10d4 method=java.lang.AbstractStringBuilder.append(Ljava/lang/String;)Ljava/lang/AbstractStringBuilder; @ 1
Event: 5,282 Thread 0xb6d09c00 Uncommon trap: reason=unstable_if action=reinterpret pc=0xa7e722fc method=java.lang.AbstractStringBuilder.append(Ljava/lang/String;)Ljava/lang/AbstractStringBuilder; @ 1
Event: 8,004 Thread 0xb6d09c00 Uncommon trap: reason=unstable_if action=reinterpret pc=0xa7ef3c1c method=java.util.HashMap.putVal(ILjava/lang/Object;Ljava/lang/Object;ZZ)Ljava/lang/Object; @ 236
Event: 8,137 Thread 0xb6d09c00 Uncommon trap: reason=unstable_if action=reinterpret pc=0xa7f802e4 method=java.lang.CharacterDataLatin1.isWhitespace(I)Z @ 14
Event: 8,279 Thread 0xb6d09c00 Uncommon trap: reason=unstable_if action=reinterpret pc=0xa80182a8 method=java.lang.String.startsWith(Ljava/lang/String;I)Z @ 25
Event: 8,351 Thread 0xb6d09c00 Uncommon trap: reason=unstable_if action=reinterpret pc=0xa8001ca4 method=java.util.WeakHashMap.expungeStaleEntries()V @ 9
Event: 8,405 Thread 0xb6d09c00 Uncommon trap: reason=unstable_if action=reinterpret pc=0xa8032e9c method=java.lang.ThreadLocal$ThreadLocalMap.getEntry(Ljava/lang/ThreadLocal;)Ljava/lang/ThreadLocal$ThreadLocalMap$Entry; @ 29
Event: 8,535 Thread 0xb6d09c00 Uncommon trap: reason=unstable_if action=reinterpret pc=0xa7e08d18 method=java.lang.String.startsWith(Ljava/lang/String;I)Z @ 25

Internal exceptions (10 events):
Event: 4,133 Thread 0xb6d09c00 Exception <a 'java/lang/NullPointerException'> (0x95fb1df8) thrown at [/HUDSON/workspace/8-2-build-linux-i586/jdk8u141/9370/hotspot/src/share/vm/interpreter/linkResolver.cpp, line 1299]
Event: 4,621 Thread 0xb6d09c00 Exception <a 'java/lang/ArrayIndexOutOfBoundsException'> (0x95710800) thrown at [/HUDSON/workspace/8-2-build-linux-i586/jdk8u141/9370/hotspot/src/share/vm/runtime/sharedRuntime.cpp, line 605]
Event: 4,622 Thread 0xb6d09c00 Exception <a 'java/lang/ArrayIndexOutOfBoundsException'> (0x957118f8) thrown at [/HUDSON/workspace/8-2-build-linux-i586/jdk8u141/9370/hotspot/src/share/vm/runtime/sharedRuntime.cpp, line 605]
Event: 4,624 Thread 0xb6d09c00 Exception <a 'java/lang/ArrayIndexOutOfBoundsException'> (0x95712f78) thrown at [/HUDSON/workspace/8-2-build-linux-i586/jdk8u141/9370/hotspot/src/share/vm/runtime/sharedRuntime.cpp, line 605]
Event: 4,635 Thread 0xb6d09c00 Exception <a 'java/lang/ArrayIndexOutOfBoundsException': 75> (0x9573e280) thrown at [/HUDSON/workspace/8-2-build-linux-i586/jdk8u141/9370/hotspot/src/share/vm/interpreter/interpreterRuntime.cpp, line 366]
Event: 4,882 Thread 0xb6d09c00 Implicit null exception at 0xa7ea0d1f to 0xa7ea10bd
Event: 5,282 Thread 0xb6d09c00 Implicit null exception at 0xa7e71f5f to 0xa7e722e9
Event: 7,193 Thread 0xb6d09c00 Exception <a 'java/lang/ClassNotFoundException': com/sun/org/glassfish/hk2/osgiresourcelocator/ServiceLoader> (0x95486c88) thrown at [/HUDSON/workspace/8-2-build-linux-i586/jdk8u141/9370/hotspot/src/share/vm/classfile/systemDictionary.cpp, line 210]
Event: 8,984 Thread 0xb6d09c00 Exception <a 'java/lang/NoSuchFieldError': method resolution failed> (0x955e4df8) thrown at [/HUDSON/workspace/8-2-build-linux-i586/jdk8u141/9370/hotspot/src/share/vm/prims/methodHandles.cpp, line 1146]
Event: 8,987 Thread 0xb6d09c00 Exception <a 'java/lang/NoSuchFieldError': method resolution failed> (0x955f12a8) thrown at [/HUDSON/workspace/8-2-build-linux-i586/jdk8u141/9370/hotspot/src/share/vm/prims/methodHandles.cpp, line 1146]

Events (10 events):
Event: 12,739 loading class org/eclipse/persistence/jaxb/Concurrent$GetManagedExecutorService done
Event: 12,741 loading class javax/naming/NamingException
Event: 12,751 loading class javax/naming/NamingException done
Event: 12,752 loading class org/eclipse/persistence/internal/cache/Memoizer$CacheKey
Event: 12,752 loading class org/eclipse/persistence/internal/cache/Memoizer$CacheKey done
Event: 12,753 loading class org/eclipse/persistence/internal/cache/Memoizer$1
Event: 12,753 loading class org/eclipse/persistence/internal/cache/Memoizer$1 done
Event: 12,753 loading class org/eclipse/persistence/jaxb/Crate$Tuple
Event: 12,753 loading class org/eclipse/persistence/jaxb/Crate$Tuple done
Event: 12,754 Executing VM operation: CollectForMetadataAllocation


Dynamic libraries:
08048000-08049000 r-xp 00000000 08:01 413196     /usr/lib/jvm/jdk1.8.0_141/jre/bin/java
08049000-0804a000 rw-p 00000000 08:01 413196     /usr/lib/jvm/jdk1.8.0_141/jre/bin/java
087c5000-087e6000 rw-p 00000000 00:00 0          [heap]
69c00000-69cba000 rw-p 00000000 00:00 0 
69cba000-69d00000 ---p 00000000 00:00 0 
69d00000-69e00000 rw-p 00000000 00:00 0 
69e00000-69f00000 rw-p 00000000 00:00 0 
69f00000-69f92000 rw-p 00000000 00:00 0 
69f92000-6a000000 ---p 00000000 00:00 0 
6a000000-6a100000 rw-p 00000000 00:00 0 
6a100000-6a200000 rw-p 00000000 00:00 0 
6a200000-6a2f8000 rw-p 00000000 00:00 0 
6a2f8000-6a300000 ---p 00000000 00:00 0 
6a300000-6a34b000 rw-p 00000000 00:00 0 
6a34b000-6a400000 ---p 00000000 00:00 0 
6a400000-6a4f9000 rw-p 00000000 00:00 0 
6a4f9000-6a500000 ---p 00000000 00:00 0 
6a500000-6a5fb000 rw-p 00000000 00:00 0 
6a5fb000-6a600000 ---p 00000000 00:00 0 
6a600000-6a700000 rw-p 00000000 00:00 0 
6a700000-6a800000 rw-p 00000000 00:00 0 
6a800000-6a8fb000 rw-p 00000000 00:00 0 
6a8fb000-6a900000 ---p 00000000 00:00 0 
6a900000-6a9f5000 rw-p 00000000 00:00 0 
6a9f5000-6aa00000 ---p 00000000 00:00 0 
6aa00000-6aa3a000 rw-p 00000000 00:00 0 
6aa3a000-6ab00000 ---p 00000000 00:00 0 
6ab00000-6ad00000 rw-p 00000000 00:00 0 
6ad00000-6ae00000 rw-p 00000000 00:00 0 
6ae00000-6af00000 rw-p 00000000 00:00 0 
6af00000-6afff000 rw-p 00000000 00:00 0 
6afff000-6b000000 ---p 00000000 00:00 0 
6b0c6000-6b0d0000 r--s 00116000 08:01 141799     /usr/lib/jvm/jdk1.8.0_141/jre/lib/ext/localedata.jar
6b0d0000-6b0ec000 r--s 00393000 08:01 141679     /usr/lib/jvm/jdk1.8.0_141/jre/lib/ext/cldrdata.jar
6b0ec000-6b0ff000 r--s 00345000 08:01 141819     /usr/lib/jvm/jdk1.8.0_141/jre/lib/resources.jar
6b0ff000-6cd00000 rw-p 00000000 00:00 0 
6cd00000-6cdfd000 rw-p 00000000 00:00 0 
6cdfd000-6ce00000 ---p 00000000 00:00 0 
6ce00000-6cf00000 rw-p 00000000 00:00 0 
6cf00000-6cff9000 rw-p 00000000 00:00 0 
6cff9000-6d000000 ---p 00000000 00:00 0 
6d000000-6d100000 rw-p 00000000 00:00 0 
6d100000-6d1fd000 rw-p 00000000 00:00 0 
6d1fd000-6d200000 ---p 00000000 00:00 0 
6d200000-6d2ff000 rw-p 00000000 00:00 0 
6d2ff000-6d300000 ---p 00000000 00:00 0 
6d300000-6d400000 rw-p 00000000 00:00 0 
6d408000-6d40b000 r--s 0001a000 08:01 141669     /usr/lib/jvm/jdk1.8.0_141/jre/lib/jce.jar
6d40b000-6d410000 r--s 0009a000 08:01 141829     /usr/lib/jvm/jdk1.8.0_141/jre/lib/jsse.jar
6d410000-6d425000 r-xp 00000000 08:01 141663     /usr/lib/jvm/jdk1.8.0_141/jre/lib/i386/libnet.so
6d425000-6d426000 rw-p 00015000 08:01 141663     /usr/lib/jvm/jdk1.8.0_141/jre/lib/i386/libnet.so
6d426000-6d428000 r--s 00002000 08:01 475134     /opt/apache-ant-1.9.13/lib/ant-junit4.jar
6d428000-6d42b000 r--s 0001b000 08:01 475131     /opt/apache-ant-1.9.13/lib/ant-junit.jar
6d42b000-6d44a000 r--s 001da000 08:01 475148     /opt/apache-ant-1.9.13/lib/ant.jar
6d44a000-6d44b000 r--s 00004000 08:01 475136     /opt/apache-ant-1.9.13/lib/ant-launcher.jar
6d44b000-6d44c000 r--s 00004000 08:01 145565     /opt/dp2/shared/lib/wadl-xslt-1.1.6.jar
6d44c000-6d44f000 r--s 0001b000 08:01 145564     /opt/dp2/shared/lib/wadl-core-1.1.6.jar
6d44f000-6d450000 r--s 00001000 08:01 145563     /opt/dp2/shared/lib/wadl-ant-1.1.6.jar
6d450000-6d454000 r--s 0000c000 08:01 145562     /opt/dp2/shared/lib/validation-api-1.1.0.Final.jar
6d454000-6d458000 r--s 00024000 08:01 145560     /opt/dp2/shared/lib/stax2-api-3.1.4.jar
6d458000-6d45a000 r--s 00005000 08:01 145559     /opt/dp2/shared/lib/slf4j-api-1.6.3.jar
6d45a000-6d45d000 r--s 00020000 08:01 145557     /opt/dp2/shared/lib/reflections-0.9.9.jar
6d45d000-6d45e000 r--s 00004000 08:01 145556     /opt/dp2/shared/lib/osgi-resource-locator-1.0.1.jar
6d45e000-6d467000 r--s 00093000 08:01 145555     /opt/dp2/shared/lib/org.eclipse.persistence.moxy-2.6.0.jar
6d467000-6d4a8000 r--s 004d2000 08:01 145554     /opt/dp2/shared/lib/org.eclipse.persistence.core-2.6.0.jar
6d4a8000-6d4ae000 r--s 00049000 08:01 145553     /opt/dp2/shared/lib/org.eclipse.persistence.asm-2.6.0.jar
6d4ae000-6d4b0000 r--s 0000e000 08:01 145552     /opt/dp2/shared/lib/mimepull-1.9.6.jar
6d4b0000-6d4b1000 r--s 00001000 08:01 145551     /opt/dp2/shared/lib/localizer-1.0.jar
6d4b1000-6d4c1000 r--s 0007d000 08:01 145548     /opt/dp2/shared/lib/joda-time-2.2.jar
6d4c1000-6d4d6000 r--s 000d1000 08:01 145547     /opt/dp2/shared/lib/jersey-server-2.25.1.jar
6d4d6000-6d4ee000 r--s 000d6000 08:01 145543     /opt/dp2/shared/lib/jersey-guava-2.25.1.jar
6d4ee000-6d4fc000 r--s 000a1000 08:01 145538     /opt/dp2/shared/lib/jersey-common-2.25.1.jar
6d4fc000-6d4fd000 ---p 00000000 00:00 0 
6d4fd000-6d57d000 rw-p 00000000 00:00 0 
6d57d000-6d580000 ---p 00000000 00:00 0 
6d580000-6d5fe000 rw-p 00000000 00:00 0 
6d5fe000-6d601000 ---p 00000000 00:00 0 
6d601000-6d67f000 rw-p 00000000 00:00 0 
6d67f000-6d682000 ---p 00000000 00:00 0 
6d682000-6d700000 rw-p 00000000 00:00 0 
6d700000-6d900000 r--p 00000000 08:01 273344     /usr/lib/locale/locale-archive
6d900000-6d921000 rw-p 00000000 00:00 0 
6d921000-6da00000 ---p 00000000 00:00 0 
6da00000-6da03000 r--s 0000e000 08:01 145546     /opt/dp2/shared/lib/jersey-media-multipart-2.25.1.jar
6da03000-6da0d000 r--s 00061000 08:01 145541     /opt/dp2/shared/lib/jersey-core-1.19.1.jar
6da0d000-6da10000 ---p 00000000 00:00 0 
6da10000-6da5e000 rw-p 00000000 00:00 0 
6da5e000-6da61000 ---p 00000000 00:00 0 
6da61000-6daaf000 rw-p 00000000 00:00 0 
6daaf000-6dab2000 ---p 00000000 00:00 0 
6dab2000-6db00000 rw-p 00000000 00:00 0 
6db00000-6dbf9000 rw-p 00000000 00:00 0 
6dbf9000-6dc00000 ---p 00000000 00:00 0 
6dc00000-6dc02000 r--s 0000f000 08:01 145550     /opt/dp2/shared/lib/jsonschema2pojo-core-0.4.0.jar
6dc02000-6dc04000 r--s 00005000 08:01 145545     /opt/dp2/shared/lib/jersey-media-moxy-2.25.1.jar
6dc04000-6dc06000 r--s 00010000 08:01 145544     /opt/dp2/shared/lib/jersey-media-jaxb-2.25.1.jar
6dc06000-6dc09000 r--s 0000f000 08:01 145542     /opt/dp2/shared/lib/jersey-entity-filtering-2.25.1.jar
6dc09000-6dc0c000 r--s 0000e000 08:01 145540     /opt/dp2/shared/lib/jersey-container-servlet-core-2.25.1.jar
6dc0c000-6dc1d000 r--s 000ed000 08:01 145535     /opt/dp2/shared/lib/jaxb-xjc-2.2.11.jar
6dc1d000-6dc2e000 r--s 000eb000 08:01 145534     /opt/dp2/shared/lib/jaxb-runtime-2.2.11.jar
6dc2e000-6dc31000 ---p 00000000 00:00 0 
6dc31000-6dc7f000 rw-p 00000000 00:00 0 
6dc7f000-6dc80000 ---p 00000000 00:00 0 
6dc80000-6dd00000 rw-p 00000000 00:00 0 
6dd00000-6ddfd000 rw-p 00000000 00:00 0 
6ddfd000-6de00000 ---p 00000000 00:00 0 
6de00000-6de02000 r--s 00003000 08:01 145539     /opt/dp2/shared/lib/jersey-container-servlet-2.25.1.jar
6de02000-6de06000 r--s 00026000 08:01 145537     /opt/dp2/shared/lib/jersey-client-2.25.1.jar
6de06000-6de0e000 r--s 00045000 08:01 145558     /opt/dp2/shared/lib/rngom-2.2.11.jar
6de0e000-6dfe8000 r--s 03d4d000 08:01 141825     /usr/lib/jvm/jdk1.8.0_141/jre/lib/rt.jar
6dfe8000-6e42e000 rw-p 00000000 00:00 0 
6e42e000-6e434000 ---p 00000000 00:00 0 
6e434000-70300000 rw-p 00000000 00:00 0 
70300000-703ff000 rw-p 00000000 00:00 0 
703ff000-70400000 ---p 00000000 00:00 0 
70400000-70401000 r--s 00003000 08:01 145549     /opt/dp2/shared/lib/json-simple-1.1.jar
70401000-70404000 r--s 0001e000 08:01 145536     /opt/dp2/shared/lib/jersey-client-1.19.1.jar
70404000-7040b000 r--s 0005e000 08:01 145566     /opt/dp2/shared/lib/xsom-20140925.jar
7040b000-70410000 r--s 00021000 08:01 145533     /opt/dp2/shared/lib/jaxb-core-2.2.11.jar
70410000-70413000 r--s 00016000 08:01 145532     /opt/dp2/shared/lib/jaxb-api-2.2.12-b140109.1041.jar
70413000-70417000 r--s 00019000 08:01 145531     /opt/dp2/shared/lib/javax.ws.rs-api-2.0.1.jar
70417000-70421000 r--s 000ae000 08:01 145527     /opt/dp2/shared/lib/javassist-3.20.0-GA.jar
70421000-70430000 r--s 000b0000 08:01 145525     /opt/dp2/shared/lib/jackson-mapper-asl-1.9.11.jar
70430000-7047f000 rw-p 00000000 00:00 0 
7047f000-70480000 ---p 00000000 00:00 0 
70480000-70500000 rw-p 00000000 00:00 0 
70500000-705fc000 rw-p 00000000 00:00 0 
705fc000-70600000 ---p 00000000 00:00 0 
70600000-70621000 rw-p 00000000 00:00 0 
70621000-70700000 ---p 00000000 00:00 0 
70700000-70702000 r--s 0000f000 08:01 145561     /opt/dp2/shared/lib/txw2-2.2.11.jar
70702000-70705000 r--s 00012000 08:01 145530     /opt/dp2/shared/lib/javax.json-1.0.4.jar
70705000-70706000 r--s 00001000 08:01 145529     /opt/dp2/shared/lib/javax.inject-2.5.0-b32.jar
70706000-70708000 r--s 00005000 08:01 145528     /opt/dp2/shared/lib/javax.annotation-api-1.2.jar
70708000-7070a000 r--s 00003000 08:01 145524     /opt/dp2/shared/lib/jackson-jaxrs-json-provider-2.4.2.jar
7070a000-70713000 r--s 00047000 08:01 145521     /opt/dp2/shared/lib/jackson-dataformat-yaml-2.4.2.jar
70713000-70724000 r--s 000f6000 08:01 145519     /opt/dp2/shared/lib/jackson-databind-2.4.2.jar
70724000-7077f000 rw-p 00000000 00:00 0 
7077f000-70780000 ---p 00000000 00:00 0 
70780000-70800000 rw-p 00000000 00:00 0 
70800000-70821000 rw-p 00000000 00:00 0 
70821000-70900000 ---p 00000000 00:00 0 
70900000-70901000 r--s 00007000 08:01 145526     /opt/dp2/shared/lib/jackson-module-jaxb-annotations-2.4.2.jar
70901000-70902000 r--s 00006000 08:01 145523     /opt/dp2/shared/lib/jackson-jaxrs-base-2.4.2.jar
70902000-70904000 r--s 0000b000 08:01 145522     /opt/dp2/shared/lib/jackson-datatype-joda-2.4.2.jar
70904000-70907000 r--s 00014000 08:01 145520     /opt/dp2/shared/lib/jackson-dataformat-xml-2.4.2.jar
70907000-7090b000 r--s 00035000 08:01 145518     /opt/dp2/shared/lib/jackson-core-asl-1.9.11.jar
7090b000-7090f000 r--s 00034000 08:01 145517     /opt/dp2/shared/lib/jackson-core-2.4.2.jar
7090f000-70912000 r--s 00007000 08:01 145516     /opt/dp2/shared/lib/jackson-annotations-2.4.0.jar
70912000-70914000 r--s 00005000 08:01 145515     /opt/dp2/shared/lib/istack-commons-tools-2.21.jar
70914000-70917000 r--s 0001e000 08:01 145513     /opt/dp2/shared/lib/hk2-utils-2.5.0-b32.jar
70917000-7091d000 r--s 00028000 08:01 145511     /opt/dp2/shared/lib/hk2-api-2.5.0-b32.jar
7091d000-70947000 r--s 001e9000 08:01 145510     /opt/dp2/shared/lib/guava-15.0.jar
70947000-70948000 ---p 00000000 00:00 0 
70948000-709c8000 rw-p 00000000 00:00 0 
709c8000-709c9000 ---p 00000000 00:00 0 
709c9000-70a5c000 rw-p 00000000 00:00 0 
70a5c000-70b6d000 ---p 00000000 00:00 0 
70b6d000-70b80000 rw-p 00000000 00:00 0 
70b80000-70bff000 ---p 00000000 00:00 0 
70bff000-73180000 rw-p 00000000 00:00 0 
73180000-95400000 ---p 00000000 00:00 0 
95400000-97980000 rw-p 00000000 00:00 0 
9912c000-99380000 rw-p 00000000 00:00 0 
99380000-a7800000 ---p 00000000 00:00 0 
a7800000-a7801000 r--s 00005000 08:01 145514     /opt/dp2/shared/lib/istack-commons-runtime-2.21.jar
a7801000-a7804000 r--s 0002b000 08:01 145512     /opt/dp2/shared/lib/hk2-locator-2.5.0-b32.jar
a7804000-a7809000 r--s 0002a000 08:01 145509     /opt/dp2/shared/lib/gson-2.2.4.jar
a7809000-a780a000 r--s 00001000 08:01 145508     /opt/dp2/shared/lib/comresrcgen-1.0.jar
a780a000-a7811000 r--s 00058000 08:01 145499     /opt/dp2/shared/lib/commons-lang3-3.2.1.jar
a7811000-a7816000 r--s 00041000 08:01 145498     /opt/dp2/shared/lib/commons-lang-2.6.jar
a7816000-a781a000 r--s 00022000 08:01 145497     /opt/dp2/shared/lib/codemodel-2.6.jar
a781a000-a781c000 r--s 00002000 08:01 145496     /opt/dp2/shared/lib/aopalliance-repackaged-2.5.0-b32.jar
a781c000-a782f000 rw-p 00000000 00:00 0 
a782f000-a7940000 ---p 00000000 00:00 0 
a7940000-a7952000 rw-p 00000000 00:00 0 
a7952000-a7d00000 ---p 00000000 00:00 0 
a7d00000-a8158000 rwxp 00000000 00:00 0 
a8158000-b6d00000 ---p 00000000 00:00 0 
b6d00000-b6dfd000 rw-p 00000000 00:00 0 
b6dfd000-b6e00000 ---p 00000000 00:00 0 
b6e00000-b6e04000 r--s 0000f000 08:01 145494     /opt/dp2/shared/lib/annotations-2.0.1.jar
b6e04000-b6e06000 r--s 0000e000 08:01 145493     /opt/dp2/shared/lib/activation-1.1.jar
b6e06000-b6e09000 r--s 00017000 08:01 589301     /home/dp2/DP2/labs/assignment3b/lib/swagger-models-1.5.0.jar
b6e09000-b6e0a000 r--s 00001000 08:01 589300     /home/dp2/DP2/labs/assignment3b/lib/swagger-jersey2-jaxrs-1.5.0.jar
b6e0a000-b6e0c000 r--s 00010000 08:01 589299     /home/dp2/DP2/labs/assignment3b/lib/swagger-jaxrs-1.5.0.jar
b6e0c000-b6e0d000 r--s 0000b000 08:01 589298     /home/dp2/DP2/labs/assignment3b/lib/swagger-core-1.5.0.jar
b6e0d000-b6e0f000 r--s 00002000 08:01 589297     /home/dp2/DP2/labs/assignment3b/lib/swagger-annotations-1.5.0.jar
b6e0f000-b6e17000 r--s 00045000 08:01 589296     /home/dp2/DP2/labs/assignment3b/lib/junit-4.12.jar
b6e17000-b6e19000 r--s 00009000 08:01 589295     /home/dp2/DP2/labs/assignment3b/lib/hamcrest-core-1.3.jar
b6e19000-b6e1c000 r--s 00007000 08:01 589294     /home/dp2/DP2/labs/assignment3b/lib/db.jar
b6e1c000-b6e1e000 r--s 0000b000 08:01 589293     /home/dp2/DP2/labs/assignment3b/lib/ass3.jar
b6e1e000-b6e1f000 r--s 00003000 08:01 589292     /home/dp2/DP2/labs/assignment3b/lib/ass2.jar
b6e1f000-b6e20000 r--s 00002000 08:01 589291     /home/dp2/DP2/labs/assignment3b/lib/ass1.jar
b6e20000-b6e39000 r-xp 00000000 08:01 141665     /usr/lib/jvm/jdk1.8.0_141/jre/lib/i386/libzip.so
b6e39000-b6e3a000 rw-p 00019000 08:01 141665     /usr/lib/jvm/jdk1.8.0_141/jre/lib/i386/libzip.so
b6e3a000-b6e45000 r-xp 00000000 08:01 2016       /lib/i386-linux-gnu/libnss_files-2.23.so
b6e45000-b6e46000 r--p 0000a000 08:01 2016       /lib/i386-linux-gnu/libnss_files-2.23.so
b6e46000-b6e47000 rw-p 0000b000 08:01 2016       /lib/i386-linux-gnu/libnss_files-2.23.so
b6e47000-b6e4d000 rw-p 00000000 00:00 0 
b6e4d000-b6e58000 r-xp 00000000 08:01 2026       /lib/i386-linux-gnu/libnss_nis-2.23.so
b6e58000-b6e59000 r--p 0000a000 08:01 2026       /lib/i386-linux-gnu/libnss_nis-2.23.so
b6e59000-b6e5a000 rw-p 0000b000 08:01 2026       /lib/i386-linux-gnu/libnss_nis-2.23.so
b6e5a000-b6e71000 r-xp 00000000 08:01 2010       /lib/i386-linux-gnu/libnsl-2.23.so
b6e71000-b6e72000 r--p 00016000 08:01 2010       /lib/i386-linux-gnu/libnsl-2.23.so
b6e72000-b6e73000 rw-p 00017000 08:01 2010       /lib/i386-linux-gnu/libnsl-2.23.so
b6e73000-b6e75000 rw-p 00000000 00:00 0 
b6e75000-b6e7d000 r-xp 00000000 08:01 2012       /lib/i386-linux-gnu/libnss_compat-2.23.so
b6e7d000-b6e7e000 r--p 00007000 08:01 2012       /lib/i386-linux-gnu/libnss_compat-2.23.so
b6e7e000-b6e7f000 rw-p 00008000 08:01 2012       /lib/i386-linux-gnu/libnss_compat-2.23.so
b6e7f000-b6e80000 r--s 00004000 08:01 589290     /home/dp2/DP2/labs/assignment3b/lib/BIBRandom.jar
b6e80000-b6e81000 r--s 00001000 08:01 589289     /home/dp2/DP2/labs/assignment3b/lib/BIB.jar
b6e81000-b6e96000 rw-p 00000000 00:00 0 
b6e96000-b6eba000 r-xp 00000000 08:01 141660     /usr/lib/jvm/jdk1.8.0_141/jre/lib/i386/libjava.so
b6eba000-b6ebb000 rw-p 00024000 08:01 141660     /usr/lib/jvm/jdk1.8.0_141/jre/lib/i386/libjava.so
b6ebb000-b6ec2000 r-xp 00000000 08:01 2071       /lib/i386-linux-gnu/librt-2.23.so
b6ec2000-b6ec3000 r--p 00006000 08:01 2071       /lib/i386-linux-gnu/librt-2.23.so
b6ec3000-b6ec4000 rw-p 00007000 08:01 2071       /lib/i386-linux-gnu/librt-2.23.so
b6ec4000-b6ec7000 ---p 00000000 00:00 0 
b6ec7000-b6f15000 rw-p 00000000 00:00 0 
b6f15000-b6f68000 r-xp 00000000 08:01 1989       /lib/i386-linux-gnu/libm-2.23.so
b6f68000-b6f69000 r--p 00052000 08:01 1989       /lib/i386-linux-gnu/libm-2.23.so
b6f69000-b6f6a000 rw-p 00053000 08:01 1989       /lib/i386-linux-gnu/libm-2.23.so
b6f6a000-b78fb000 r-xp 00000000 08:01 141646     /usr/lib/jvm/jdk1.8.0_141/jre/lib/i386/server/libjvm.so
b78fb000-b7969000 rw-p 00990000 08:01 141646     /usr/lib/jvm/jdk1.8.0_141/jre/lib/i386/server/libjvm.so
b7969000-b7d93000 rw-p 00000000 00:00 0 
b7d93000-b7f43000 r-xp 00000000 08:01 1919       /lib/i386-linux-gnu/libc-2.23.so
b7f43000-b7f45000 r--p 001af000 08:01 1919       /lib/i386-linux-gnu/libc-2.23.so
b7f45000-b7f46000 rw-p 001b1000 08:01 1919       /lib/i386-linux-gnu/libc-2.23.so
b7f46000-b7f49000 rw-p 00000000 00:00 0 
b7f49000-b7f4c000 r-xp 00000000 08:01 1943       /lib/i386-linux-gnu/libdl-2.23.so
b7f4c000-b7f4d000 r--p 00002000 08:01 1943       /lib/i386-linux-gnu/libdl-2.23.so
b7f4d000-b7f4e000 rw-p 00003000 08:01 1943       /lib/i386-linux-gnu/libdl-2.23.so
b7f4e000-b7f62000 r-xp 00000000 08:01 141653     /usr/lib/jvm/jdk1.8.0_141/jre/lib/i386/jli/libjli.so
b7f62000-b7f63000 rw-p 00014000 08:01 141653     /usr/lib/jvm/jdk1.8.0_141/jre/lib/i386/jli/libjli.so
b7f63000-b7f7c000 r-xp 00000000 08:01 2063       /lib/i386-linux-gnu/libpthread-2.23.so
b7f7c000-b7f7d000 r--p 00018000 08:01 2063       /lib/i386-linux-gnu/libpthread-2.23.so
b7f7d000-b7f7e000 rw-p 00019000 08:01 2063       /lib/i386-linux-gnu/libpthread-2.23.so
b7f7e000-b7f80000 rw-p 00000000 00:00 0 
b7f80000-b7f81000 r--p 00741000 08:01 273344     /usr/lib/locale/locale-archive
b7f81000-b7f89000 rw-s 00000000 08:01 650332     /tmp/hsperfdata_dp2/11225
b7f89000-b7f8a000 rw-p 00000000 00:00 0 
b7f8a000-b7f8b000 ---p 00000000 00:00 0 
b7f8b000-b7f96000 r-xp 00000000 08:01 141612     /usr/lib/jvm/jdk1.8.0_141/jre/lib/i386/libverify.so
b7f96000-b7f97000 rw-p 0000b000 08:01 141612     /usr/lib/jvm/jdk1.8.0_141/jre/lib/i386/libverify.so
b7f97000-b7f98000 rw-p 00000000 00:00 0 
b7f98000-b7f9b000 r--p 00000000 00:00 0          [vvar]
b7f9b000-b7f9d000 r-xp 00000000 00:00 0          [vdso]
b7f9d000-b7fc0000 r-xp 00000000 08:01 1891       /lib/i386-linux-gnu/ld-2.23.so
b7fc0000-b7fc1000 r--p 00022000 08:01 1891       /lib/i386-linux-gnu/ld-2.23.so
b7fc1000-b7fc2000 rw-p 00023000 08:01 1891       /lib/i386-linux-gnu/ld-2.23.so
bfb5d000-bfb80000 rw-p 00000000 00:00 0          [stack]

VM Arguments:
jvm_args: -Djava.awt.headless=true -Dit.polito.dp2.BIB.ass3.URL=http://localhost:8080/BiblioSystem/rest -Dit.polito.dp2.BIB.ass3.PORT=8080 -Dit.polito.dp2.BIB.ass3.ClientFactory=it.polito.dp2.BIB.sol3.client.ClientFactory 
java_command: org.apache.tools.ant.taskdefs.optional.junit.JUnitTestRunner it.polito.dp2.BIB.ass3.tests.BibTests methods=testCreateBookshelf,testBookShelfOperations,testRemoveItemFromBibliography,testNumberOfReads,testNonExistingBookshelf skipNonTests=false filtertrace=true haltOnError=false haltOnFailure=false formatter=org.apache.tools.ant.taskdefs.optional.junit.SummaryJUnitResultFormatter showoutput=false outputtoformatters=true logfailedtests=true threadid=0 logtestlistenerevents=false formatter=org.apache.tools.ant.taskdefs.optional.junit.XMLJUnitResultFormatter,/home/dp2/DP2/labs/assignment3b/testout.xml formatter=org.apache.tools.ant.taskdefs.optional.junit.PlainJUnitResultFormatter crashfile=/home/dp2/DP2/labs/assignment3b/junitvmwatcher2651642861695310807.properties propsfile=/home/dp2/DP2/labs/assignment3b/junit291357653625667689.properties
java_class_path (initial): /home/dp2/DP2/labs/assignment3b/build:/home/dp2/DP2/labs/assignment3b/lib/BIB.jar:/home/dp2/DP2/labs/assignment3b/lib/BIBRandom.jar:/home/dp2/DP2/labs/assignment3b/lib/ass1.jar:/home/dp2/DP2/labs/assignment3b/lib/ass2.jar:/home/dp2/DP2/labs/assignment3b/lib/ass3.jar:/home/dp2/DP2/labs/assignment3b/lib/db.jar:/home/dp2/DP2/labs/assignment3b/lib/hamcrest-core-1.3.jar:/home/dp2/DP2/labs/assignment3b/lib/junit-4.12.jar:/home/dp2/DP2/labs/assignment3b/lib/swagger-annotations-1.5.0.jar:/home/dp2/DP2/labs/assignment3b/lib/swagger-core-1.5.0.jar:/home/dp2/DP2/labs/assignment3b/lib/swagger-jaxrs-1.5.0.jar:/home/dp2/DP2/labs/assignment3b/lib/swagger-jersey2-jaxrs-1.5.0.jar:/home/dp2/DP2/labs/assignment3b/lib/swagger-models-1.5.0.jar:/opt/dp2/shared/lib/activation-1.1.jar:/opt/dp2/shared/lib/annotations-2.0.1.jar:/opt/dp2/shared/lib/aopalliance-repackaged-2.5.0-b32.jar:/opt/dp2/shared/lib/codemodel-2.6.jar:/opt/dp2/shared/lib/commons-lang-2.6.jar:/opt/dp2/shared/lib/commons-lang3-3.2.1.jar:/opt/dp2/shared/lib/comresrcgen-1.0.jar:/opt/dp2/shared/lib/gson-2.2.4.jar:/opt/dp2/shared/lib/guava-15.0.jar:/opt/dp2/shared/lib/hk2-api-2.5.0-b32.jar:/opt/dp2/shared/lib/hk2-locator-2.5.0-b32.jar:/opt/dp2/shared/lib/hk2-utils-2.5.0-b32.jar:/opt/dp2/shared/lib/istack-commons-runtime-2.21.jar:/opt/dp2/shared/lib/istack-commons-tools-2.21.jar:/opt/dp2/shared/lib/jackson-annotations-2.4.0.jar:/opt/dp2/shared/lib/jackson-core-2.4.2.jar:/opt/dp2/shared/lib/jackson-core-asl-1.9.11.jar:/opt/dp2/shared/lib/jackson-databind-2.4.2.jar:/opt/dp2/shared/lib/jackson-dataformat-xml-2.4.2.jar:/opt/dp2/shared/lib/jackson-dataformat-yaml-2.4.2.jar:/opt/dp2/shared/lib/jackson-datatype-joda-2.4.2.jar:/opt/dp2/shared/lib/jackson-jaxrs-base-2.4.2.jar:/opt/dp2/shared/lib/jackson-jaxrs-json-provider-2.4.2.jar:/opt/dp2/shared/lib/jackson-mapper-asl-1.9.11.jar:/opt/dp2/shared/lib/jackson-module-jaxb-annotations-2.4.2.jar:/opt/dp2/shared/lib/javassist-3.20.0-GA.jar:/opt/dp2/shared/lib/jav
Launcher Type: SUN_STANDARD

Environment Variables:
JAVA_HOME=/usr/lib/jvm/jdk1.8.0_141
PATH=/home/dp2/bin:/home/dp2/.local/bin:/usr/local/sbin:/usr/local/bin:/usr/sbin:/usr/bin:/sbin:/bin:/usr/games:/usr/local/games:/opt/tomcat/apache-tomcat-8.5.20/bin:/usr/lib/jvm/jdk1.8.0_141/bin:/opt/apache-ant-1.9.13/bin:/snap/bin
SHELL=/bin/bash
DISPLAY=:0

Signal Handlers:
SIGSEGV: [libjvm.so+0x8dbed0], sa_mask[0]=11111111011111111101111111111110, sa_flags=SA_RESTART|SA_SIGINFO
SIGBUS: [libjvm.so+0x8dbed0], sa_mask[0]=11111111011111111101111111111110, sa_flags=SA_RESTART|SA_SIGINFO
SIGFPE: [libjvm.so+0x758b80], sa_mask[0]=11111111011111111101111111111110, sa_flags=SA_RESTART|SA_SIGINFO
SIGPIPE: [libjvm.so+0x758b80], sa_mask[0]=11111111011111111101111111111110, sa_flags=SA_RESTART|SA_SIGINFO
SIGXFSZ: [libjvm.so+0x758b80], sa_mask[0]=11111111011111111101111111111110, sa_flags=SA_RESTART|SA_SIGINFO
SIGILL: [libjvm.so+0x758b80], sa_mask[0]=11111111011111111101111111111110, sa_flags=SA_RESTART|SA_SIGINFO
SIGUSR1: SIG_DFL, sa_mask[0]=00000000000000000000000000000000, sa_flags=none
SIGUSR2: [libjvm.so+0x75a430], sa_mask[0]=00100000000000000000000000000000, sa_flags=SA_RESTART|SA_SIGINFO
SIGHUP: [libjvm.so+0x75b8e0], sa_mask[0]=11111111011111111101111111111110, sa_flags=SA_RESTART|SA_SIGINFO
SIGINT: [libjvm.so+0x75b8e0], sa_mask[0]=11111111011111111101111111111110, sa_flags=SA_RESTART|SA_SIGINFO
SIGTERM: [libjvm.so+0x75b8e0], sa_mask[0]=11111111011111111101111111111110, sa_flags=SA_RESTART|SA_SIGINFO
SIGQUIT: [libjvm.so+0x75b8e0], sa_mask[0]=11111111011111111101111111111110, sa_flags=SA_RESTART|SA_SIGINFO


---------------  S Y S T E M  ---------------

OS:DISTRIB_ID=Ubuntu
DISTRIB_RELEASE=16.04
DISTRIB_CODENAME=xenial
DISTRIB_DESCRIPTION="Ubuntu 16.04.5 LTS"

uname:Linux 4.15.0-34-generic #37~16.04.1-Ubuntu SMP Tue Aug 28 10:43:57 UTC 2018 i686
libc:glibc 2.23 NPTL 2.23 
rlimit: STACK 8192k, CORE 0k, NPROC 27578, NOFILE 1048576, AS infinity
load average:1,39 0,69 0,60

/proc/meminfo:
MemTotal:        3581188 kB
MemFree:          189568 kB
MemAvailable:          0 kB
Buffers:            2160 kB
Cached:           112360 kB
SwapCached:            0 kB
Active:          3207968 kB
Inactive:         102100 kB
Active(anon):    3196488 kB
Inactive(anon):    84856 kB
Active(file):      11480 kB
Inactive(file):    17244 kB
Unevictable:          96 kB
Mlocked:              96 kB
HighTotal:       2723784 kB
HighFree:          35588 kB
LowTotal:         857404 kB
LowFree:          153980 kB
SwapTotal:             0 kB
SwapFree:              0 kB
Dirty:               196 kB
Writeback:             0 kB
AnonPages:       3195784 kB
Mapped:           101312 kB
Shmem:             85656 kB
Slab:              37008 kB
SReclaimable:      16664 kB
SUnreclaim:        20344 kB
KernelStack:        6384 kB
PageTables:        21064 kB
NFS_Unstable:          0 kB
Bounce:                0 kB
WritebackTmp:          0 kB
CommitLimit:     1790592 kB
Committed_AS:    7959692 kB
VmallocTotal:     122880 kB
VmallocUsed:           0 kB
VmallocChunk:          0 kB
AnonHugePages:         0 kB
ShmemHugePages:        0 kB
ShmemPmdMapped:        0 kB
CmaTotal:              0 kB
CmaFree:               0 kB
HugePages_Total:       0
HugePages_Free:        0
HugePages_Rsvd:        0
HugePages_Surp:        0
Hugepagesize:       2048 kB
DirectMap4k:       14328 kB
DirectMap2M:      894976 kB


CPU:total 4 (initial active 4) (4 cores per cpu, 1 threads per core) family 6 model 158 stepping 9, cmov, cx8, fxsr, mmx, sse, sse2, sse3, ssse3, sse4.1, sse4.2, popcnt, avx, avx2, aes, clmul, 3dnowpref, lzcnt, tsc, tscinvbit

/proc/cpuinfo:
processor	: 0
vendor_id	: GenuineIntel
cpu family	: 6
model		: 158
model name	: Intel(R) Core(TM) i7-7700HQ CPU @ 2.80GHz
stepping	: 9
cpu MHz		: 2808.004
cache size	: 6144 KB
physical id	: 0
siblings	: 4
core id		: 0
cpu cores	: 4
apicid		: 0
initial apicid	: 0
fdiv_bug	: no
f00f_bug	: no
coma_bug	: no
fpu		: yes
fpu_exception	: yes
cpuid level	: 22
wp		: yes
flags		: fpu vme de pse tsc msr pae mce cx8 apic sep mtrr pge mca cmov pat pse36 clflush mmx fxsr sse sse2 ht nx rdtscp constant_tsc xtopology nonstop_tsc cpuid pni pclmulqdq ssse3 cx16 sse4_1 sse4_2 x2apic movbe popcnt aes xsave avx rdrand hypervisor lahf_lm abm 3dnowprefetch fsgsbase avx2 invpcid rdseed clflushopt flush_l1d
bugs		: cpu_meltdown spectre_v1 spectre_v2 spec_store_bypass l1tf
bogomips	: 5616.00
clflush size	: 64
cache_alignment	: 64
address sizes	: 39 bits physical, 48 bits virtual
power management:

processor	: 1
vendor_id	: GenuineIntel
cpu family	: 6
model		: 158
model name	: Intel(R) Core(TM) i7-7700HQ CPU @ 2.80GHz
stepping	: 9
cpu MHz		: 2808.004
cache size	: 6144 KB
physical id	: 0
siblings	: 4
core id		: 1
cpu cores	: 4
apicid		: 1
initial apicid	: 1
fdiv_bug	: no
f00f_bug	: no
coma_bug	: no
fpu		: yes
fpu_exception	: yes
cpuid level	: 22
wp		: yes
flags		: fpu vme de pse tsc msr pae mce cx8 apic sep mtrr pge mca cmov pat pse36 clflush mmx fxsr sse sse2 ht nx rdtscp constant_tsc xtopology nonstop_tsc cpuid pni pclmulqdq ssse3 cx16 sse4_1 sse4_2 x2apic movbe popcnt aes xsave avx rdrand hypervisor lahf_lm abm 3dnowprefetch fsgsbase avx2 invpcid rdseed clflushopt flush_l1d
bugs		: cpu_meltdown spectre_v1 spectre_v2 spec_store_bypass l1tf
bogomips	: 5616.00
clflush size	: 64
cache_alignment	: 64
address sizes	: 39 bits physical, 48 bits virtual
power management:

processor	: 2
vendor_id	: GenuineIntel
cpu family	: 6
model		: 158
model name	: Intel(R) Core(TM) i7-7700HQ CPU @ 2.80GHz
stepping	: 9
cpu MHz		: 2808.004
cache size	: 6144 KB
physical id	: 0
siblings	: 4
core id		: 2
cpu cores	: 4
apicid		: 2
initial apicid	: 2
fdiv_bug	: no
f00f_bug	: no
coma_bug	: no
fpu		: yes
fpu_exception	: yes
cpuid level	: 22
wp		: yes
flags		: fpu vme de pse tsc msr pae mce cx8 apic sep mtrr pge mca cmov pat pse36 clflush mmx fxsr sse sse2 ht nx rdtscp constant_tsc xtopology nonstop_tsc cpuid pni pclmulqdq ssse3 cx16 sse4_1 sse4_2 x2apic movbe popcnt aes xsave avx rdrand hypervisor lahf_lm abm 3dnowprefetch fsgsbase avx2 invpcid rdseed clflushopt flush_l1d
bugs		: cpu_meltdown spectre_v1 spectre_v2 spec_store_bypass l1tf
bogomips	: 5616.00
clflush size	: 64
cache_alignment	: 64
address sizes	: 39 bits physical, 48 bits virtual
power management:

processor	: 3
vendor_id	: GenuineIntel
cpu family	: 6
model		: 158
model name	: Intel(R) Core(TM) i7-7700HQ CPU @ 2.80GHz
stepping	: 9
cpu MHz		: 2808.004
cache size	: 6144 KB
physical id	: 0
siblings	: 4
core id		: 3
cpu cores	: 4
apicid		: 3
initial apicid	: 3
fdiv_bug	: no
f00f_bug	: no
coma_bug	: no
fpu		: yes
fpu_exception	: yes
cpuid level	: 22
wp		: yes
flags		: fpu vme de pse tsc msr pae mce cx8 apic sep mtrr pge mca cmov pat pse36 clflush mmx fxsr sse sse2 ht nx rdtscp constant_tsc xtopology nonstop_tsc cpuid pni pclmulqdq ssse3 cx16 sse4_1 sse4_2 x2apic movbe popcnt aes xsave avx rdrand hypervisor lahf_lm abm 3dnowprefetch fsgsbase avx2 invpcid rdseed clflushopt flush_l1d
bugs		: cpu_meltdown spectre_v1 spectre_v2 spec_store_bypass l1tf
bogomips	: 5616.00
clflush size	: 64
cache_alignment	: 64
address sizes	: 39 bits physical, 48 bits virtual
power management:



Memory: 4k page, physical 3581188k(189568k free), swap 0k(0k free)

vm_info: Java HotSpot(TM) Server VM (25.141-b15) for linux-x86 JRE (1.8.0_141-b15), built on Jul 12 2017 04:33:09 by "java_re" with gcc 4.3.0 20080428 (Red Hat 4.3.0-8)

time: Sun Jan 26 00:24:54 2020
elapsed time: 14 seconds (0d 0h 0m 14s)

