#
# There is insufficient memory for the Java Runtime Environment to continue.
# Native memory allocation (mmap) failed to map 102498304 bytes for committing reserved memory.
# Possible reasons:
#   The system is out of physical RAM or swap space
#   In 32 bit mode, the process size limit was hit
# Possible solutions:
#   Reduce memory load on the system
#   Increase physical memory or swap space
#   Check if swap backing store is full
#   Use 64 bit Java on a 64 bit OS
#   Decrease Java heap size (-Xmx/-Xms)
#   Decrease number of Java threads
#   Decrease Java thread stack sizes (-Xss)
#   Set larger code cache with -XX:ReservedCodeCacheSize=
# This output file may be truncated or incomplete.
#
#  Out of Memory Error (os_linux.cpp:2640), pid=9866, tid=0x6dcffb40
#
# JRE version: Java(TM) SE Runtime Environment (8.0_141-b15) (build 1.8.0_141-b15)
# Java VM: Java HotSpot(TM) Server VM (25.141-b15 mixed mode linux-x86 )
# Failed to write core dump. Core dumps have been disabled. To enable core dumping, try "ulimit -c unlimited" before starting Java again
#

---------------  T H R E A D  ---------------

Current thread (0x6dd81400):  VMThread [stack: 0x6dc7f000,0x6dd00000] [id=9878]

Stack: [0x6dc7f000,0x6dd00000],  sp=0x6dcfe730,  free space=509k
Native frames: (J=compiled Java code, j=interpreted, Vv=VM code, C=native code)
V  [libjvm.so+0x8db3bf]  VMError::report_and_die()+0x16f
V  [libjvm.so+0x3927d5]  report_vm_out_of_memory(char const*, int, unsigned int, VMErrorType, char const*)+0x55
V  [libjvm.so+0x75be96]  os::Linux::commit_memory_impl(char*, unsigned int, bool)+0xe6
V  [libjvm.so+0x75c2b8]  os::pd_commit_memory(char*, unsigned int, unsigned int, bool)+0x28
V  [libjvm.so+0x7561cc]  os::commit_memory(char*, unsigned int, unsigned int, bool)+0x2c
V  [libjvm.so+0x7c1aa8]  PSVirtualSpace::expand_by(unsigned int)+0x48
V  [libjvm.so+0x7c2baa]  PSYoungGen::resize_generation(unsigned int, unsigned int)+0xda
V  [libjvm.so+0x7c1ed9]  PSYoungGen::resize(unsigned int, unsigned int)+0x19
V  [libjvm.so+0x7bf805]  PSScavenge::invoke_no_policy()+0xd15
V  [libjvm.so+0x7bffc8]  PSScavenge::invoke()+0x28
V  [libjvm.so+0x77dc3a]  ParallelScavengeHeap::failed_mem_allocate(unsigned int)+0x5a
V  [libjvm.so+0x8dce8a]  VM_ParallelGCFailedAllocation::doit()+0x7a
V  [libjvm.so+0x8e6547]  VM_Operation::evaluate()+0x47
V  [libjvm.so+0x8e4623]  VMThread::evaluate_operation(VM_Operation*)+0xb3
V  [libjvm.so+0x8e49c0]  VMThread::loop()+0x1b0
V  [libjvm.so+0x8e4e25]  VMThread::run()+0x85
V  [libjvm.so+0x75e759]  java_start(Thread*)+0x119
C  [libpthread.so.0+0x6295]  start_thread+0xe5

VM_Operation (0xb6f1a724): ParallelGCFailedAllocation, mode: safepoint, requested by thread 0xb6d07400


---------------  P R O C E S S  ---------------

Java Threads: ( => current thread )
  0x69e5bc00 JavaThread "Keep-Alive-Timer" daemon [_thread_blocked, id=9913, stack(0x6c9af000,0x6ca00000)]
  0x6cb88c00 JavaThread "process reaper" daemon [_thread_blocked, id=9888, stack(0x6cd20000,0x6cd39000)]
  0x6ddab800 JavaThread "Service Thread" daemon [_thread_blocked, id=9885, stack(0x6da0d000,0x6da5e000)]
  0x6dda8400 JavaThread "C1 CompilerThread2" daemon [_thread_blocked, id=9884, stack(0x6d57d000,0x6d5fe000)]
  0x6dda7000 JavaThread "C2 CompilerThread1" daemon [_thread_blocked, id=9883, stack(0x6d5fe000,0x6d67f000)]
  0x6dda5000 JavaThread "C2 CompilerThread0" daemon [_thread_blocked, id=9882, stack(0x6d67f000,0x6d700000)]
  0x6dda3800 JavaThread "Signal Dispatcher" daemon [_thread_blocked, id=9881, stack(0x6da5e000,0x6daaf000)]
  0x6dd88800 JavaThread "Finalizer" daemon [_thread_blocked, id=9880, stack(0x6daaf000,0x6db00000)]
  0x6dd85c00 JavaThread "Reference Handler" daemon [_thread_blocked, id=9879, stack(0x6dc2e000,0x6dc7f000)]
  0xb6d07400 JavaThread "main" [_thread_blocked, id=9873, stack(0xb6ecc000,0xb6f1d000)]

Other Threads:
=>0x6dd81400 VMThread [stack: 0x6dc7f000,0x6dd00000] [id=9878]
  0x6ddc6c00 WatcherThread [stack: 0x6d4fc000,0x6d57d000] [id=9886]

VM state:at safepoint (normal execution)

VM Mutex/Monitor currently owned by a thread:  ([mutex/lock_event])
[0xb6d04b00] Threads_lock - owner thread: 0x6dd81400
[0xb6d04f10] Heap_lock - owner thread: 0xb6d07400

Heap:
 PSYoungGen      total 122368K, used 7934K [0x95400000, 0x9d380000, 0xa7800000)
  eden space 114432K, 0% used [0x95400000,0x95400000,0x9c3c0000)
  from space 7936K, 99% used [0x9c3c0000,0x9cb7fbe0,0x9cb80000)
  to   space 7680K, 0% used [0x9cb80000,0x9cb80000,0x9d300000)
 ParOldGen       total 34048K, used 14943K [0x70c00000, 0x72d40000, 0x95400000)
  object space 34048K, 43% used [0x70c00000,0x71a97ee8,0x72d40000)
 Metaspace       used 20740K, capacity 21057K, committed 21248K, reserved 21808K

Card table byte_map: [0x70a49000,0x70c00000] byte_map_base: 0x706c3000

Marking Bits: (ParMarkBitMap*) 0xb7984820
 Begin Bits: [0x6e7a0000, 0x6f550000)
 End Bits:   [0x6f550000, 0x70300000)

Polling page: 0xb7f92000

CodeCache: size=245760Kb used=9801Kb max_used=9801Kb free=235958Kb
 bounds [0xa7d00000, 0xa8698000, 0xb6d00000]
 total_blobs=3648 nmethods=3455 adapters=106
 compilation: enabled

Compilation events (10 events):
Event: 26,957 Thread 0x6dda8400 nmethod 3471 0xa868e488 code [0xa868e5e0, 0xa868ea98]
Event: 26,957 Thread 0x6dda8400 3473       3       com.sun.tools.javac.util.Name::isEmpty (13 bytes)
Event: 26,957 Thread 0x6dda8400 nmethod 3473 0xa868e148 code [0xa868e260, 0xa868e40c]
Event: 26,957 Thread 0x6dda8400 3465       3       com.sun.tools.javac.jvm.ClassReader::adjustFieldFlags (2 bytes)
Event: 26,958 Thread 0x6dda8400 nmethod 3465 0xa8695088 code [0xa86951a0, 0xa8695280]
Event: 26,959 Thread 0x6dda8400 3474       3       com.sun.tools.javac.tree.TreeInfo::isConstructor (40 bytes)
Event: 26,959 Thread 0x6dda8400 nmethod 3474 0xa8695308 code [0xa8695440, 0xa86957ec]
Event: 26,960 Thread 0x6dda8400 3475       3       com.sun.tools.javac.comp.Enter::enterScope (40 bytes)
Event: 26,960 Thread 0x6dda8400 nmethod 3475 0xa8695988 code [0xa8695ae0, 0xa8695f2c]
Event: 26,960 Thread 0x6dda8400 3476       3       com.sun.tools.javac.comp.Check::checkFlags (799 bytes)

GC Heap History (10 events):
Event: 3,393 GC heap after
Heap after GC invocations=3 (full 0):
 PSYoungGen      total 30976K, used 2289K [0x95400000, 0x99080000, 0xa7800000)
  eden space 28672K, 0% used [0x95400000,0x95400000,0x97000000)
  from space 2304K, 99% used [0x97000000,0x9723c428,0x97240000)
  to   space 2304K, 0% used [0x98e40000,0x98e40000,0x99080000)
 ParOldGen       total 38400K, used 9323K [0x70c00000, 0x73180000, 0x95400000)
  object space 38400K, 24% used [0x70c00000,0x7151af20,0x73180000)
 Metaspace       used 8744K, capacity 9028K, committed 9112K, reserved 9520K
}
Event: 21,698 GC heap before
{Heap before GC invocations=4 (full 0):
 PSYoungGen      total 30976K, used 30961K [0x95400000, 0x99080000, 0xa7800000)
  eden space 28672K, 100% used [0x95400000,0x97000000,0x97000000)
  from space 2304K, 99% used [0x97000000,0x9723c428,0x97240000)
  to   space 2304K, 0% used [0x98e40000,0x98e40000,0x99080000)
 ParOldGen       total 38400K, used 9323K [0x70c00000, 0x73180000, 0x95400000)
  object space 38400K, 24% used [0x70c00000,0x7151af20,0x73180000)
 Metaspace       used 10624K, capacity 10949K, committed 11032K, reserved 11568K
Event: 21,716 GC heap after
Heap after GC invocations=4 (full 0):
 PSYoungGen      total 59648K, used 2288K [0x95400000, 0x99080000, 0xa7800000)
  eden space 57344K, 0% used [0x95400000,0x95400000,0x98c00000)
  from space 2304K, 99% used [0x98e40000,0x9907c3f8,0x99080000)
  to   space 2304K, 0% used [0x98c00000,0x98c00000,0x98e40000)
 ParOldGen       total 38400K, used 11771K [0x70c00000, 0x73180000, 0x95400000)
  object space 38400K, 30% used [0x70c00000,0x7177ed80,0x73180000)
 Metaspace       used 10624K, capacity 10949K, committed 11032K, reserved 11568K
}
Event: 23,392 GC heap before
{Heap before GC invocations=5 (full 0):
 PSYoungGen      total 59648K, used 59632K [0x95400000, 0x99080000, 0xa7800000)
  eden space 57344K, 100% used [0x95400000,0x98c00000,0x98c00000)
  from space 2304K, 99% used [0x98e40000,0x9907c3f8,0x99080000)
  to   space 2304K, 0% used [0x98c00000,0x98c00000,0x98e40000)
 ParOldGen       total 38400K, used 11771K [0x70c00000, 0x73180000, 0x95400000)
  object space 38400K, 30% used [0x70c00000,0x7177ed80,0x73180000)
 Metaspace       used 14258K, capacity 14606K, committed 14744K, reserved 15664K
Event: 23,424 GC heap after
Heap after GC invocations=5 (full 0):
 PSYoungGen      total 59648K, used 2296K [0x95400000, 0x9d300000, 0xa7800000)
  eden space 57344K, 0% used [0x95400000,0x95400000,0x98c00000)
  from space 2304K, 99% used [0x98c00000,0x98e3e358,0x98e40000)
  to   space 7680K, 0% used [0x9cb80000,0x9cb80000,0x9d300000)
 ParOldGen       total 38400K, used 15153K [0x70c00000, 0x73180000, 0x95400000)
  object space 38400K, 39% used [0x70c00000,0x71acc580,0x73180000)
 Metaspace       used 14258K, capacity 14606K, committed 14744K, reserved 15664K
}
Event: 23,971 GC heap before
{Heap before GC invocations=6 (full 0):
 PSYoungGen      total 59648K, used 13625K [0x95400000, 0x9d300000, 0xa7800000)
  eden space 57344K, 19% used [0x95400000,0x95f102d0,0x98c00000)
  from space 2304K, 99% used [0x98c00000,0x98e3e358,0x98e40000)
  to   space 7680K, 0% used [0x9cb80000,0x9cb80000,0x9d300000)
 ParOldGen       total 38400K, used 15153K [0x70c00000, 0x73180000, 0x95400000)
  object space 38400K, 39% used [0x70c00000,0x71acc580,0x73180000)
 Metaspace       used 15988K, capacity 16327K, committed 16384K, reserved 16688K
Event: 23,985 GC heap after
Heap after GC invocations=6 (full 0):
 PSYoungGen      total 122112K, used 3443K [0x95400000, 0x9d380000, 0xa7800000)
  eden space 114432K, 0% used [0x95400000,0x95400000,0x9c3c0000)
  from space 7680K, 44% used [0x9cb80000,0x9cedce00,0x9d300000)
  to   space 7936K, 0% used [0x9c3c0000,0x9c3c0000,0x9cb80000)
 ParOldGen       total 38400K, used 15157K [0x70c00000, 0x73180000, 0x95400000)
  object space 38400K, 39% used [0x70c00000,0x71acd580,0x73180000)
 Metaspace       used 15988K, capacity 16327K, committed 16384K, reserved 16688K
}
Event: 23,985 GC heap before
{Heap before GC invocations=7 (full 1):
 PSYoungGen      total 122112K, used 3443K [0x95400000, 0x9d380000, 0xa7800000)
  eden space 114432K, 0% used [0x95400000,0x95400000,0x9c3c0000)
  from space 7680K, 44% used [0x9cb80000,0x9cedce00,0x9d300000)
  to   space 7936K, 0% used [0x9c3c0000,0x9c3c0000,0x9cb80000)
 ParOldGen       total 38400K, used 15157K [0x70c00000, 0x73180000, 0x95400000)
  object space 38400K, 39% used [0x70c00000,0x71acd580,0x73180000)
 Metaspace       used 15988K, capacity 16327K, committed 16384K, reserved 16688K
Event: 24,050 GC heap after
Heap after GC invocations=7 (full 1):
 PSYoungGen      total 122112K, used 0K [0x95400000, 0x9d380000, 0xa7800000)
  eden space 114432K, 0% used [0x95400000,0x95400000,0x9c3c0000)
  from space 7680K, 0% used [0x9cb80000,0x9cb80000,0x9d300000)
  to   space 7936K, 0% used [0x9c3c0000,0x9c3c0000,0x9cb80000)
 ParOldGen       total 34048K, used 11514K [0x70c00000, 0x72d40000, 0x95400000)
  object space 34048K, 33% used [0x70c00000,0x7173eb80,0x72d40000)
 Metaspace       used 15970K, capacity 16279K, committed 16384K, reserved 16688K
}
Event: 26,962 GC heap before
{Heap before GC invocations=8 (full 1):
 PSYoungGen      total 122112K, used 114432K [0x95400000, 0x9d380000, 0xa7800000)
  eden space 114432K, 100% used [0x95400000,0x9c3c0000,0x9c3c0000)
  from space 7680K, 0% used [0x9cb80000,0x9cb80000,0x9d300000)
  to   space 7936K, 0% used [0x9c3c0000,0x9c3c0000,0x9cb80000)
 ParOldGen       total 34048K, used 11514K [0x70c00000, 0x72d40000, 0x95400000)
  object space 34048K, 33% used [0x70c00000,0x7173eb80,0x72d40000)
 Metaspace       used 20740K, capacity 21057K, committed 21248K, reserved 21808K

Deoptimization events (10 events):
Event: 25,436 Thread 0xb6d07400 Uncommon trap: reason=class_check action=maybe_recompile pc=0xa7eb2820 method=java.lang.reflect.Method.equals(Ljava/lang/Object;)Z @ 5
Event: 25,436 Thread 0xb6d07400 Uncommon trap: reason=unstable_if action=reinterpret pc=0xa7eb2808 method=java.lang.reflect.Method.equals(Ljava/lang/Object;)Z @ 49
Event: 25,535 Thread 0xb6d07400 Uncommon trap: reason=unstable_if action=reinterpret pc=0xa8247ba4 method=sun.util.calendar.ZoneInfo.getOffsets(J[II)I @ 112
Event: 25,882 Thread 0xb6d07400 Uncommon trap: reason=array_check action=maybe_recompile pc=0xa81db7ac method=java.util.ComparableTimSort.binarySort([Ljava/lang/Object;III)V @ 215
Event: 25,905 Thread 0xb6d07400 Uncommon trap: reason=unstable_if action=reinterpret pc=0xa8577164 method=sun.nio.cs.UTF_8$Encoder.encodeArrayLoop(Ljava/nio/CharBuffer;Ljava/nio/ByteBuffer;)Ljava/nio/charset/CoderResult; @ 113
Event: 25,905 Thread 0xb6d07400 Uncommon trap: reason=unstable_if action=reinterpret pc=0xa8580d98 method=java.nio.charset.CoderResult.isOverflow()Z @ 5
Event: 25,996 Thread 0xb6d07400 Uncommon trap: reason=unstable_if action=reinterpret pc=0xa85b1d5c method=java.lang.Character.isDigit(I)Z @ 6
Event: 26,391 Thread 0xb6d07400 Uncommon trap: reason=unstable_if action=reinterpret pc=0xa8082034 method=com.sun.tools.javac.parser.JavaTokenizer.readToken()Lcom/sun/tools/javac/parser/Tokens$Token; @ 548
Event: 26,428 Thread 0xb6d07400 Uncommon trap: reason=unstable_if action=reinterpret pc=0xa80214c8 method=com.sun.tools.javac.parser.UnicodeReader.scanChar()V @ 37
Event: 26,901 Thread 0xb6d07400 Uncommon trap: reason=unstable_if action=reinterpret pc=0xa8145f80 method=com.sun.tools.javac.code.Scope.lookup(Lcom/sun/tools/javac/util/Name;Lcom/sun/tools/javac/util/Filter;)Lcom/sun/tools/javac/code/Scope$Entry; @ 19

Internal exceptions (10 events):
Event: 23,033 Thread 0xb6d07400 Exception <a 'java/lang/ArrayIndexOutOfBoundsException'> (0x985700d0) thrown at [/HUDSON/workspace/8-2-build-linux-i586/jdk8u141/9370/hotspot/src/share/vm/runtime/sharedRuntime.cpp, line 605]
Event: 23,044 Thread 0xb6d07400 Exception <a 'java/lang/ArrayIndexOutOfBoundsException': 64> (0x9857fe28) thrown at [/HUDSON/workspace/8-2-build-linux-i586/jdk8u141/9370/hotspot/src/share/vm/interpreter/interpreterRuntime.cpp, line 366]
Event: 23,044 Thread 0xb6d07400 Exception <a 'java/lang/ArrayIndexOutOfBoundsException': 38> (0x98581110) thrown at [/HUDSON/workspace/8-2-build-linux-i586/jdk8u141/9370/hotspot/src/share/vm/interpreter/interpreterRuntime.cpp, line 366]
Event: 23,044 Thread 0xb6d07400 Exception <a 'java/lang/ArrayIndexOutOfBoundsException': 43> (0x98582248) thrown at [/HUDSON/workspace/8-2-build-linux-i586/jdk8u141/9370/hotspot/src/share/vm/interpreter/interpreterRuntime.cpp, line 366]
Event: 23,831 Thread 0xb6d07400 Implicit null exception at 0xa7f5a01f to 0xa7f5a389
Event: 23,839 Thread 0xb6d07400 Implicit null exception at 0xa7f130df to 0xa7f13451
Event: 24,606 Thread 0xb6d07400 Implicit null exception at 0xa7ef41cb to 0xa7ef4210
Event: 25,535 Thread 0xb6d07400 Implicit null exception at 0xa824788c to 0xa8247b85
Event: 26,694 Thread 0xb6d07400 Exception <a 'java/io/FileNotFoundException'> (0x9c032a80) thrown at [/HUDSON/workspace/8-2-build-linux-i586/jdk8u141/9370/hotspot/src/share/vm/prims/jni.cpp, line 709]
Event: 26,694 Thread 0xb6d07400 Exception <a 'java/io/FileNotFoundException'> (0x9c033a18) thrown at [/HUDSON/workspace/8-2-build-linux-i586/jdk8u141/9370/hotspot/src/share/vm/prims/jni.cpp, line 709]

Events (10 events):
Event: 26,391 Thread 0xb6d07400 Uncommon trap: trap_request=0xffffff65 fr.pc=0xa8082034
Event: 26,391 Thread 0xb6d07400 DEOPT PACKING pc=0xa8082034 sp=0xb6f1a830
Event: 26,391 Thread 0xb6d07400 DEOPT UNPACKING pc=0xa7d3ae55 sp=0xb6f1a814 mode 2
Event: 26,428 Thread 0xb6d07400 Uncommon trap: trap_request=0xffffff65 fr.pc=0xa80214c8
Event: 26,428 Thread 0xb6d07400 DEOPT PACKING pc=0xa80214c8 sp=0xb6f1a300
Event: 26,428 Thread 0xb6d07400 DEOPT UNPACKING pc=0xa7d3ae55 sp=0xb6f1a2dc mode 2
Event: 26,901 Thread 0xb6d07400 Uncommon trap: trap_request=0xffffff65 fr.pc=0xa8145f80
Event: 26,901 Thread 0xb6d07400 DEOPT PACKING pc=0xa8145f80 sp=0xb6f1a5f0
Event: 26,901 Thread 0xb6d07400 DEOPT UNPACKING pc=0xa7d3ae55 sp=0xb6f1a5d0 mode 2
Event: 26,962 Executing VM operation: ParallelGCFailedAllocation


Dynamic libraries:
08048000-08049000 r-xp 00000000 08:01 413196     /usr/lib/jvm/jdk1.8.0_141/jre/bin/java
08049000-0804a000 rw-p 00000000 08:01 413196     /usr/lib/jvm/jdk1.8.0_141/jre/bin/java
0996e000-09a03000 rw-p 00000000 00:00 0          [heap]
66c00000-66cfb000 rw-p 00000000 00:00 0 
66cfb000-66d00000 ---p 00000000 00:00 0 
66d00000-66da0000 rw-p 00000000 00:00 0 
66da0000-66e00000 ---p 00000000 00:00 0 
66e00000-66ebd000 rw-p 00000000 00:00 0 
66ebd000-66f00000 ---p 00000000 00:00 0 
66f00000-66ffd000 rw-p 00000000 00:00 0 
66ffd000-67000000 ---p 00000000 00:00 0 
67000000-67100000 rw-p 00000000 00:00 0 
67200000-672fc000 rw-p 00000000 00:00 0 
672fc000-67300000 ---p 00000000 00:00 0 
67500000-67600000 rw-p 00000000 00:00 0 
67700000-677fa000 rw-p 00000000 00:00 0 
677fa000-67800000 ---p 00000000 00:00 0 
67800000-678fe000 rw-p 00000000 00:00 0 
678fe000-67900000 ---p 00000000 00:00 0 
67900000-67990000 rw-p 00000000 00:00 0 
67990000-67a00000 ---p 00000000 00:00 0 
67d00000-67dff000 rw-p 00000000 00:00 0 
67dff000-67e00000 ---p 00000000 00:00 0 
67e00000-67f00000 rw-p 00000000 00:00 0 
67f00000-68100000 rw-p 00000000 00:00 0 
68100000-681ff000 rw-p 00000000 00:00 0 
681ff000-68200000 ---p 00000000 00:00 0 
68200000-682fe000 rw-p 00000000 00:00 0 
682fe000-68300000 ---p 00000000 00:00 0 
68300000-68400000 rw-p 00000000 00:00 0 
68500000-685fa000 rw-p 00000000 00:00 0 
685fa000-68600000 ---p 00000000 00:00 0 
68700000-687ff000 rw-p 00000000 00:00 0 
687ff000-68800000 ---p 00000000 00:00 0 
68800000-688f1000 rw-p 00000000 00:00 0 
688f1000-68900000 ---p 00000000 00:00 0 
68900000-689a1000 rw-p 00000000 00:00 0 
689a1000-68a00000 ---p 00000000 00:00 0 
68a00000-68ae1000 rw-p 00000000 00:00 0 
68ae1000-68b00000 ---p 00000000 00:00 0 
68c00000-68cfd000 rw-p 00000000 00:00 0 
68cfd000-68d00000 ---p 00000000 00:00 0 
68e00000-68efc000 rw-p 00000000 00:00 0 
68efc000-68f00000 ---p 00000000 00:00 0 
68f00000-69000000 rw-p 00000000 00:00 0 
69000000-690fd000 rw-p 00000000 00:00 0 
690fd000-69100000 ---p 00000000 00:00 0 
69100000-69180000 rw-p 00000000 00:00 0 
69180000-69200000 ---p 00000000 00:00 0 
69200000-692f9000 rw-p 00000000 00:00 0 
692f9000-69300000 ---p 00000000 00:00 0 
69300000-69400000 rw-p 00000000 00:00 0 
69400000-69500000 rw-p 00000000 00:00 0 
69500000-69600000 rw-p 00000000 00:00 0 
69600000-69700000 rw-p 00000000 00:00 0 
69700000-69800000 rw-p 00000000 00:00 0 
69800000-698fa000 rw-p 00000000 00:00 0 
698fa000-69900000 ---p 00000000 00:00 0 
69900000-69a00000 rw-p 00000000 00:00 0 
69a00000-69af9000 rw-p 00000000 00:00 0 
69af9000-69b00000 ---p 00000000 00:00 0 
69b00000-69bff000 rw-p 00000000 00:00 0 
69bff000-69c00000 ---p 00000000 00:00 0 
69c00000-69d00000 rw-p 00000000 00:00 0 
69d00000-69e00000 rw-p 00000000 00:00 0 
69e00000-69efa000 rw-p 00000000 00:00 0 
69efa000-69f00000 ---p 00000000 00:00 0 
69f00000-6a000000 rw-p 00000000 00:00 0 
6a000000-6a100000 rw-p 00000000 00:00 0 
6a100000-6a200000 rw-p 00000000 00:00 0 
6a200000-6a2fb000 rw-p 00000000 00:00 0 
6a2fb000-6a300000 ---p 00000000 00:00 0 
6a3f1000-6a3f4000 r--s 00017000 08:01 589301     /home/dp2/DP2/labs/assignment3b/lib/swagger-models-1.5.0.jar
6a3f4000-6a3f5000 r--s 00001000 08:01 589300     /home/dp2/DP2/labs/assignment3b/lib/swagger-jersey2-jaxrs-1.5.0.jar
6a3f5000-6a3f7000 r--s 00010000 08:01 589299     /home/dp2/DP2/labs/assignment3b/lib/swagger-jaxrs-1.5.0.jar
6a3f7000-6a3ff000 r--s 00045000 08:01 589296     /home/dp2/DP2/labs/assignment3b/lib/junit-4.12.jar
6a3ff000-6c000000 rw-p 00000000 00:00 0 
6c000000-6c0fa000 rw-p 00000000 00:00 0 
6c0fa000-6c100000 ---p 00000000 00:00 0 
6c100000-6c200000 rw-p 00000000 00:00 0 
6c200000-6c2f9000 rw-p 00000000 00:00 0 
6c2f9000-6c300000 ---p 00000000 00:00 0 
6c300000-6c400000 rw-p 00000000 00:00 0 
6c400000-6c4fb000 rw-p 00000000 00:00 0 
6c4fb000-6c500000 ---p 00000000 00:00 0 
6c500000-6c600000 rw-p 00000000 00:00 0 
6c600000-6c700000 rw-p 00000000 00:00 0 
6c700000-6c800000 rw-p 00000000 00:00 0 
6c800000-6c8ee000 rw-p 00000000 00:00 0 
6c8ee000-6c900000 ---p 00000000 00:00 0 
6c900000-6c901000 r--s 0000b000 08:01 589298     /home/dp2/DP2/labs/assignment3b/lib/swagger-core-1.5.0.jar
6c901000-6c903000 r--s 00002000 08:01 589297     /home/dp2/DP2/labs/assignment3b/lib/swagger-annotations-1.5.0.jar
6c903000-6c905000 r--s 00009000 08:01 589295     /home/dp2/DP2/labs/assignment3b/lib/hamcrest-core-1.3.jar
6c905000-6c908000 r--s 00007000 08:01 589294     /home/dp2/DP2/labs/assignment3b/lib/db.jar
6c908000-6c90a000 r--s 0000b000 08:01 589293     /home/dp2/DP2/labs/assignment3b/lib/ass3.jar
6c90a000-6c91d000 r--s 00345000 08:01 141819     /usr/lib/jvm/jdk1.8.0_141/jre/lib/resources.jar
6c91d000-6c95e000 r--s 004d2000 08:01 145554     /opt/dp2/shared/lib/org.eclipse.persistence.core-2.6.0.jar
6c95e000-6c961000 ---p 00000000 00:00 0 
6c961000-6c9af000 rw-p 00000000 00:00 0 
6c9af000-6c9b2000 ---p 00000000 00:00 0 
6c9b2000-6cb00000 rw-p 00000000 00:00 0 
6cb00000-6cbfc000 rw-p 00000000 00:00 0 
6cbfc000-6cc00000 ---p 00000000 00:00 0 
6cc00000-6ccfc000 rw-p 00000000 00:00 0 
6ccfc000-6cd00000 ---p 00000000 00:00 0 
6cd00000-6cd01000 r--s 00003000 08:01 589292     /home/dp2/DP2/labs/assignment3b/lib/ass2.jar
6cd01000-6cd02000 r--s 00002000 08:01 589291     /home/dp2/DP2/labs/assignment3b/lib/ass1.jar
6cd02000-6cd03000 r--s 00004000 08:01 589290     /home/dp2/DP2/labs/assignment3b/lib/BIBRandom.jar
6cd03000-6cd04000 r--s 00001000 08:01 589289     /home/dp2/DP2/labs/assignment3b/lib/BIB.jar
6cd04000-6cd07000 r--s 0001a000 08:01 141669     /usr/lib/jvm/jdk1.8.0_141/jre/lib/jce.jar
6cd07000-6cd0c000 r--s 0009a000 08:01 141829     /usr/lib/jvm/jdk1.8.0_141/jre/lib/jsse.jar
6cd0c000-6cd11000 r--s 002f9000 08:01 141677     /usr/lib/jvm/jdk1.8.0_141/jre/lib/charsets.jar
6cd11000-6cd12000 r--s 00004000 08:01 145565     /opt/dp2/shared/lib/wadl-xslt-1.1.6.jar
6cd12000-6cd15000 r--s 0001b000 08:01 145564     /opt/dp2/shared/lib/wadl-core-1.1.6.jar
6cd15000-6cd16000 r--s 00001000 08:01 145563     /opt/dp2/shared/lib/wadl-ant-1.1.6.jar
6cd16000-6cd1a000 r--s 0000c000 08:01 145562     /opt/dp2/shared/lib/validation-api-1.1.0.Final.jar
6cd1a000-6cd1e000 r--s 00024000 08:01 145560     /opt/dp2/shared/lib/stax2-api-3.1.4.jar
6cd1e000-6cd20000 r--s 00005000 08:01 145559     /opt/dp2/shared/lib/slf4j-api-1.6.3.jar
6cd20000-6cd23000 ---p 00000000 00:00 0 
6cd23000-6cd39000 rw-p 00000000 00:00 0 
6cd39000-6cd3c000 r--s 00020000 08:01 145557     /opt/dp2/shared/lib/reflections-0.9.9.jar
6cd3c000-6cd3d000 r--s 00004000 08:01 145556     /opt/dp2/shared/lib/osgi-resource-locator-1.0.1.jar
6cd3d000-6cd46000 r--s 00093000 08:01 145555     /opt/dp2/shared/lib/org.eclipse.persistence.moxy-2.6.0.jar
6cd46000-6cd4c000 r--s 00049000 08:01 145553     /opt/dp2/shared/lib/org.eclipse.persistence.asm-2.6.0.jar
6cd4c000-6cd4e000 r--s 0000e000 08:01 145552     /opt/dp2/shared/lib/mimepull-1.9.6.jar
6cd4e000-6cd4f000 r--s 00001000 08:01 145551     /opt/dp2/shared/lib/localizer-1.0.jar
6cd4f000-6cd51000 r--s 0000f000 08:01 145550     /opt/dp2/shared/lib/jsonschema2pojo-core-0.4.0.jar
6cd51000-6cd52000 r--s 00003000 08:01 145549     /opt/dp2/shared/lib/json-simple-1.1.jar
6cd52000-6cd62000 r--s 0007d000 08:01 145548     /opt/dp2/shared/lib/joda-time-2.2.jar
6cd62000-6cd77000 r--s 000d1000 08:01 145547     /opt/dp2/shared/lib/jersey-server-2.25.1.jar
6cd77000-6cd7a000 r--s 0000e000 08:01 145546     /opt/dp2/shared/lib/jersey-media-multipart-2.25.1.jar
6cd7a000-6cd7c000 r--s 00005000 08:01 145545     /opt/dp2/shared/lib/jersey-media-moxy-2.25.1.jar
6cd7c000-6cd7e000 r--s 00010000 08:01 145544     /opt/dp2/shared/lib/jersey-media-jaxb-2.25.1.jar
6cd7e000-6cd96000 r--s 000d6000 08:01 145543     /opt/dp2/shared/lib/jersey-guava-2.25.1.jar
6cd96000-6cd99000 r--s 0000f000 08:01 145542     /opt/dp2/shared/lib/jersey-entity-filtering-2.25.1.jar
6cd99000-6cda3000 r--s 00061000 08:01 145541     /opt/dp2/shared/lib/jersey-core-1.19.1.jar
6cda3000-6cda6000 r--s 0000e000 08:01 145540     /opt/dp2/shared/lib/jersey-container-servlet-core-2.25.1.jar
6cda6000-6cda8000 r--s 00003000 08:01 145539     /opt/dp2/shared/lib/jersey-container-servlet-2.25.1.jar
6cda8000-6cdb6000 r--s 000a1000 08:01 145538     /opt/dp2/shared/lib/jersey-common-2.25.1.jar
6cdb6000-6cdba000 r--s 00026000 08:01 145537     /opt/dp2/shared/lib/jersey-client-2.25.1.jar
6cdba000-6cdbd000 r--s 0001e000 08:01 145536     /opt/dp2/shared/lib/jersey-client-1.19.1.jar
6cdbd000-6cdc5000 r--s 00045000 08:01 145558     /opt/dp2/shared/lib/rngom-2.2.11.jar
6cdc5000-6cdcc000 r--s 0005e000 08:01 145566     /opt/dp2/shared/lib/xsom-20140925.jar
6cdcc000-6cddd000 r--s 000ed000 08:01 145535     /opt/dp2/shared/lib/jaxb-xjc-2.2.11.jar
6cddd000-6cdee000 r--s 000eb000 08:01 145534     /opt/dp2/shared/lib/jaxb-runtime-2.2.11.jar
6cdee000-6cdf0000 r--s 0000f000 08:01 145561     /opt/dp2/shared/lib/txw2-2.2.11.jar
6cdf0000-6cdf5000 r--s 00021000 08:01 145533     /opt/dp2/shared/lib/jaxb-core-2.2.11.jar
6cdf5000-6cdf8000 r--s 00016000 08:01 145532     /opt/dp2/shared/lib/jaxb-api-2.2.12-b140109.1041.jar
6cdf8000-6cdfc000 r--s 00019000 08:01 145531     /opt/dp2/shared/lib/javax.ws.rs-api-2.0.1.jar
6cdfc000-6cdff000 r--s 00012000 08:01 145530     /opt/dp2/shared/lib/javax.json-1.0.4.jar
6cdff000-6ce00000 r--s 00001000 08:01 145529     /opt/dp2/shared/lib/javax.inject-2.5.0-b32.jar
6ce00000-6cf00000 rw-p 00000000 00:00 0 
6cf00000-6cff4000 rw-p 00000000 00:00 0 
6cff4000-6d000000 ---p 00000000 00:00 0 
6d000000-6d100000 rw-p 00000000 00:00 0 
6d100000-6d200000 rw-p 00000000 00:00 0 
6d200000-6d2fa000 rw-p 00000000 00:00 0 
6d2fa000-6d300000 ---p 00000000 00:00 0 
6d300000-6d3fe000 rw-p 00000000 00:00 0 
6d3fe000-6d400000 ---p 00000000 00:00 0 
6d400000-6d402000 r--s 00005000 08:01 145528     /opt/dp2/shared/lib/javax.annotation-api-1.2.jar
6d402000-6d40c000 r--s 000ae000 08:01 145527     /opt/dp2/shared/lib/javassist-3.20.0-GA.jar
6d40c000-6d40d000 r--s 00007000 08:01 145526     /opt/dp2/shared/lib/jackson-module-jaxb-annotations-2.4.2.jar
6d40d000-6d41c000 r--s 000b0000 08:01 145525     /opt/dp2/shared/lib/jackson-mapper-asl-1.9.11.jar
6d41c000-6d41e000 r--s 00003000 08:01 145524     /opt/dp2/shared/lib/jackson-jaxrs-json-provider-2.4.2.jar
6d41e000-6d420000 r--s 0000b000 08:01 145522     /opt/dp2/shared/lib/jackson-datatype-joda-2.4.2.jar
6d420000-6d429000 r--s 00047000 08:01 145521     /opt/dp2/shared/lib/jackson-dataformat-yaml-2.4.2.jar
6d429000-6d42c000 r--s 00014000 08:01 145520     /opt/dp2/shared/lib/jackson-dataformat-xml-2.4.2.jar
6d42c000-6d43d000 r--s 000f6000 08:01 145519     /opt/dp2/shared/lib/jackson-databind-2.4.2.jar
6d43d000-6d441000 r--s 00035000 08:01 145518     /opt/dp2/shared/lib/jackson-core-asl-1.9.11.jar
6d441000-6d445000 r--s 00034000 08:01 145517     /opt/dp2/shared/lib/jackson-core-2.4.2.jar
6d445000-6d448000 r--s 00007000 08:01 145516     /opt/dp2/shared/lib/jackson-annotations-2.4.0.jar
6d448000-6d44a000 r--s 00005000 08:01 145515     /opt/dp2/shared/lib/istack-commons-tools-2.21.jar
6d44a000-6d44d000 r--s 0001e000 08:01 145513     /opt/dp2/shared/lib/hk2-utils-2.5.0-b32.jar
6d44d000-6d453000 r--s 00028000 08:01 145511     /opt/dp2/shared/lib/hk2-api-2.5.0-b32.jar
6d453000-6d47d000 r--s 001e9000 08:01 145510     /opt/dp2/shared/lib/guava-15.0.jar
6d47d000-6d482000 r--s 0002a000 08:01 145509     /opt/dp2/shared/lib/gson-2.2.4.jar
6d482000-6d4fc000 r--s 010f7000 08:01 392375     /usr/lib/jvm/jdk1.8.0_141/lib/tools.jar
6d4fc000-6d4fd000 ---p 00000000 00:00 0 
6d4fd000-6d57d000 rw-p 00000000 00:00 0 
6d57d000-6d580000 ---p 00000000 00:00 0 
6d580000-6d5fe000 rw-p 00000000 00:00 0 
6d5fe000-6d601000 ---p 00000000 00:00 0 
6d601000-6d67f000 rw-p 00000000 00:00 0 
6d67f000-6d682000 ---p 00000000 00:00 0 
6d682000-6d700000 rw-p 00000000 00:00 0 
6d700000-6d900000 r--p 00000000 08:01 273344     /usr/lib/locale/locale-archive
6d900000-6d921000 rw-p 00000000 00:00 0 
6d921000-6da00000 ---p 00000000 00:00 0 
6da00000-6da01000 r--s 00006000 08:01 145523     /opt/dp2/shared/lib/jackson-jaxrs-base-2.4.2.jar
6da01000-6da08000 r--s 00058000 08:01 145499     /opt/dp2/shared/lib/commons-lang3-3.2.1.jar
6da08000-6da0d000 r--s 00041000 08:01 145498     /opt/dp2/shared/lib/commons-lang-2.6.jar
6da0d000-6da10000 ---p 00000000 00:00 0 
6da10000-6da5e000 rw-p 00000000 00:00 0 
6da5e000-6da61000 ---p 00000000 00:00 0 
6da61000-6daaf000 rw-p 00000000 00:00 0 
6daaf000-6dab2000 ---p 00000000 00:00 0 
6dab2000-6db00000 rw-p 00000000 00:00 0 
6db00000-6dbf9000 rw-p 00000000 00:00 0 
6dbf9000-6dc00000 ---p 00000000 00:00 0 
6dc00000-6dc03000 r--s 0002b000 08:01 145512     /opt/dp2/shared/lib/hk2-locator-2.5.0-b32.jar
6dc03000-6dc12000 r--s 000ee000 08:01 145495     /opt/dp2/shared/lib/ant-1.6.5.jar
6dc12000-6dc2e000 r--s 00393000 08:01 141679     /usr/lib/jvm/jdk1.8.0_141/jre/lib/ext/cldrdata.jar
6dc2e000-6dc31000 ---p 00000000 00:00 0 
6dc31000-6dc7f000 rw-p 00000000 00:00 0 
6dc7f000-6dc80000 ---p 00000000 00:00 0 
6dc80000-6dd00000 rw-p 00000000 00:00 0 
6dd00000-6ddfc000 rw-p 00000000 00:00 0 
6ddfc000-6de00000 ---p 00000000 00:00 0 
6de00000-6de04000 r--s 00022000 08:01 145497     /opt/dp2/shared/lib/codemodel-2.6.jar
6de04000-6de0e000 r--s 00116000 08:01 141799     /usr/lib/jvm/jdk1.8.0_141/jre/lib/ext/localedata.jar
6de0e000-6dfe8000 r--s 03d4d000 08:01 141825     /usr/lib/jvm/jdk1.8.0_141/jre/lib/rt.jar
6dfe8000-6e42e000 rw-p 00000000 00:00 0 
6e42e000-6e434000 ---p 00000000 00:00 0 
6e434000-70300000 rw-p 00000000 00:00 0 
70300000-70400000 rw-p 00000000 00:00 0 
70400000-70401000 r--s 00005000 08:01 145514     /opt/dp2/shared/lib/istack-commons-runtime-2.21.jar
70401000-70403000 r--s 00002000 08:01 145496     /opt/dp2/shared/lib/aopalliance-repackaged-2.5.0-b32.jar
70403000-70407000 r--s 0000f000 08:01 145494     /opt/dp2/shared/lib/annotations-2.0.1.jar
70407000-70416000 r-xp 00000000 08:01 141620     /usr/lib/jvm/jdk1.8.0_141/jre/lib/i386/libnio.so
70416000-70417000 rw-p 0000e000 08:01 141620     /usr/lib/jvm/jdk1.8.0_141/jre/lib/i386/libnio.so
70417000-7042c000 r-xp 00000000 08:01 141663     /usr/lib/jvm/jdk1.8.0_141/jre/lib/i386/libnet.so
7042c000-7042d000 rw-p 00015000 08:01 141663     /usr/lib/jvm/jdk1.8.0_141/jre/lib/i386/libnet.so
7042d000-70430000 r--s 00007000 08:01 144297     /opt/tomcat/apache-tomcat-8.5.20/lib/websocket-api.jar
70430000-7047f000 rw-p 00000000 00:00 0 
7047f000-70480000 ---p 00000000 00:00 0 
70480000-70500000 rw-p 00000000 00:00 0 
70500000-705f9000 rw-p 00000000 00:00 0 
705f9000-70600000 ---p 00000000 00:00 0 
70600000-70621000 rw-p 00000000 00:00 0 
70621000-70700000 ---p 00000000 00:00 0 
70700000-70702000 r--s 0000e000 08:01 145493     /opt/dp2/shared/lib/activation-1.1.jar
70702000-70706000 r--s 00031000 08:01 144296     /opt/tomcat/apache-tomcat-8.5.20/lib/tomcat-websocket.jar
70706000-70709000 r--s 0001e000 08:01 144295     /opt/tomcat/apache-tomcat-8.5.20/lib/tomcat-util.jar
70709000-7070d000 r--s 0002e000 08:01 144294     /opt/tomcat/apache-tomcat-8.5.20/lib/tomcat-util-scan.jar
7070d000-7070f000 r--s 00007000 08:01 144293     /opt/tomcat/apache-tomcat-8.5.20/lib/tomcat-jni.jar
7070f000-70712000 r--s 00021000 08:01 144292     /opt/tomcat/apache-tomcat-8.5.20/lib/tomcat-jdbc.jar
70712000-70714000 r--s 00009000 08:01 144291     /opt/tomcat/apache-tomcat-8.5.20/lib/tomcat-i18n-ja.jar
70714000-70716000 r--s 00008000 08:01 144290     /opt/tomcat/apache-tomcat-8.5.20/lib/tomcat-i18n-fr.jar
70716000-70719000 r--s 0000e000 08:01 144289     /opt/tomcat/apache-tomcat-8.5.20/lib/tomcat-i18n-es.jar
70719000-70724000 r--s 000b4000 08:01 144287     /opt/tomcat/apache-tomcat-8.5.20/lib/tomcat-coyote.jar
70724000-7077f000 rw-p 00000000 00:00 0 
7077f000-70780000 ---p 00000000 00:00 0 
70780000-70800000 rw-p 00000000 00:00 0 
70800000-70821000 rw-p 00000000 00:00 0 
70821000-70900000 ---p 00000000 00:00 0 
70900000-70901000 r--s 00001000 08:01 145508     /opt/dp2/shared/lib/comresrcgen-1.0.jar
70901000-70905000 r--s 0003a000 08:01 144288     /opt/tomcat/apache-tomcat-8.5.20/lib/tomcat-dbcp.jar
70905000-70909000 r--s 00038000 08:01 144285     /opt/tomcat/apache-tomcat-8.5.20/lib/servlet-api.jar
70909000-7090c000 r--s 0000d000 08:01 144284     /opt/tomcat/apache-tomcat-8.5.20/lib/jsp-api.jar
7090c000-7090e000 r--s 00005000 08:01 144283     /opt/tomcat/apache-tomcat-8.5.20/lib/jaspic-api.jar
7090e000-70915000 r--s 00089000 08:01 144282     /opt/tomcat/apache-tomcat-8.5.20/lib/jasper.jar
70915000-70928000 r--s 00244000 08:01 144279     /opt/tomcat/apache-tomcat-8.5.20/lib/ecj-4.6.3.jar
70928000-70947000 r--s 001da000 08:01 475148     /opt/apache-ant-1.9.13/lib/ant.jar
70947000-70948000 ---p 00000000 00:00 0 
70948000-709c8000 rw-p 00000000 00:00 0 
709c8000-709c9000 ---p 00000000 00:00 0 
709c9000-70a5a000 rw-p 00000000 00:00 0 
70a5a000-70b6d000 ---p 00000000 00:00 0 
70b6d000-70bad000 rw-p 00000000 00:00 0 
70bad000-70bff000 ---p 00000000 00:00 0 
70bff000-72d40000 rw-p 00000000 00:00 0 
72d40000-95400000 ---p 00000000 00:00 0 
95400000-9d380000 rw-p 00000000 00:00 0 
a32ec000-a3540000 rw-p 00000000 00:00 0 
a3540000-a7800000 ---p 00000000 00:00 0 
a7800000-a7803000 r--s 00025000 08:01 144281     /opt/tomcat/apache-tomcat-8.5.20/lib/jasper-el.jar
a7803000-a7817000 r--s 00176000 08:01 144278     /opt/tomcat/apache-tomcat-8.5.20/lib/catalina.jar
a7817000-a781c000 r--s 00040000 08:01 144277     /opt/tomcat/apache-tomcat-8.5.20/lib/catalina-tribes.jar
a781c000-a782d000 rw-p 00000000 00:00 0 
a782d000-a7940000 ---p 00000000 00:00 0 
a7940000-a7967000 rw-p 00000000 00:00 0 
a7967000-a7d00000 ---p 00000000 00:00 0 
a7d00000-a8698000 rwxp 00000000 00:00 0 
a8698000-b6d00000 ---p 00000000 00:00 0 
b6d00000-b6dfb000 rw-p 00000000 00:00 0 
b6dfb000-b6e00000 ---p 00000000 00:00 0 
b6e00000-b6e01000 r--s 00002000 08:01 144286     /opt/tomcat/apache-tomcat-8.5.20/lib/tomcat-api.jar
b6e01000-b6e03000 r--s 00012000 08:01 144280     /opt/tomcat/apache-tomcat-8.5.20/lib/el-api.jar
b6e03000-b6e05000 r--s 00011000 08:01 144276     /opt/tomcat/apache-tomcat-8.5.20/lib/catalina-storeconfig.jar
b6e05000-b6e07000 r--s 0001b000 08:01 144275     /opt/tomcat/apache-tomcat-8.5.20/lib/catalina-ha.jar
b6e07000-b6e09000 r--s 0000c000 08:01 144274     /opt/tomcat/apache-tomcat-8.5.20/lib/catalina-ant.jar
b6e09000-b6e0b000 r--s 00003000 08:01 144273     /opt/tomcat/apache-tomcat-8.5.20/lib/annotations-api.jar
b6e0b000-b6e0d000 r--s 0000a000 08:01 142372     /opt/tomcat/apache-tomcat-8.5.20/bin/tomcat-juli.jar
b6e0d000-b6e0e000 r--s 00002000 08:01 475102     /opt/apache-ant-1.9.13/lib/ant-apache-regexp.jar
b6e0e000-b6e0f000 r--s 00003000 08:01 475142     /opt/apache-ant-1.9.13/lib/ant-swing.jar
b6e0f000-b6e12000 r--s 0001b000 08:01 475131     /opt/apache-ant-1.9.13/lib/ant-junit.jar
b6e12000-b6e13000 r--s 00006000 08:01 475118     /opt/apache-ant-1.9.13/lib/ant-jai.jar
b6e13000-b6e14000 r--s 00003000 08:01 475123     /opt/apache-ant-1.9.13/lib/ant-jdepend.jar
b6e14000-b6e15000 r--s 00006000 08:01 475145     /opt/apache-ant-1.9.13/lib/ant-testutil.jar
b6e15000-b6e17000 r--s 00002000 08:01 475126     /opt/apache-ant-1.9.13/lib/ant-jmf.jar
b6e17000-b6e18000 r--s 00002000 08:01 475104     /opt/apache-ant-1.9.13/lib/ant-apache-resolver.jar
b6e18000-b6e19000 r--s 00002000 08:01 475110     /opt/apache-ant-1.9.13/lib/ant-commons-logging.jar
b6e19000-b6e1b000 r--s 00001000 08:01 475097     /opt/apache-ant-1.9.13/lib/ant-apache-log4j.jar
b6e1b000-b6e1c000 r--s 00002000 08:01 475094     /opt/apache-ant-1.9.13/lib/ant-apache-bsf.jar
b6e1c000-b6e1e000 r--s 00002000 08:01 475134     /opt/apache-ant-1.9.13/lib/ant-junit4.jar
b6e1e000-b6e1f000 r--s 00003000 08:01 475120     /opt/apache-ant-1.9.13/lib/ant-javamail.jar
b6e1f000-b6e21000 r--s 0000b000 08:01 475128     /opt/apache-ant-1.9.13/lib/ant-jsch.jar
b6e21000-b6e22000 r--s 00001000 08:01 475107     /opt/apache-ant-1.9.13/lib/ant-apache-xalan2.jar
b6e22000-b6e23000 r--s 00002000 08:01 475090     /opt/apache-ant-1.9.13/lib/ant-antlr.jar
b6e23000-b6e24000 r--s 00002000 08:01 475100     /opt/apache-ant-1.9.13/lib/ant-apache-oro.jar
b6e24000-b6e26000 r--s 00003000 08:01 475139     /opt/apache-ant-1.9.13/lib/ant-netrexx.jar
b6e26000-b6e28000 r--s 00015000 08:01 475115     /opt/apache-ant-1.9.13/lib/ant-commons-net.jar
b6e28000-b6e41000 r-xp 00000000 08:01 141665     /usr/lib/jvm/jdk1.8.0_141/jre/lib/i386/libzip.so
b6e41000-b6e42000 rw-p 00019000 08:01 141665     /usr/lib/jvm/jdk1.8.0_141/jre/lib/i386/libzip.so
b6e42000-b6e4d000 r-xp 00000000 08:01 2016       /lib/i386-linux-gnu/libnss_files-2.23.so
b6e4d000-b6e4e000 r--p 0000a000 08:01 2016       /lib/i386-linux-gnu/libnss_files-2.23.so
b6e4e000-b6e4f000 rw-p 0000b000 08:01 2016       /lib/i386-linux-gnu/libnss_files-2.23.so
b6e4f000-b6e55000 rw-p 00000000 00:00 0 
b6e55000-b6e60000 r-xp 00000000 08:01 2026       /lib/i386-linux-gnu/libnss_nis-2.23.so
b6e60000-b6e61000 r--p 0000a000 08:01 2026       /lib/i386-linux-gnu/libnss_nis-2.23.so
b6e61000-b6e62000 rw-p 0000b000 08:01 2026       /lib/i386-linux-gnu/libnss_nis-2.23.so
b6e62000-b6e79000 r-xp 00000000 08:01 2010       /lib/i386-linux-gnu/libnsl-2.23.so
b6e79000-b6e7a000 r--p 00016000 08:01 2010       /lib/i386-linux-gnu/libnsl-2.23.so
b6e7a000-b6e7b000 rw-p 00017000 08:01 2010       /lib/i386-linux-gnu/libnsl-2.23.so
b6e7b000-b6e7d000 rw-p 00000000 00:00 0 
b6e7d000-b6e85000 r-xp 00000000 08:01 2012       /lib/i386-linux-gnu/libnss_compat-2.23.so
b6e85000-b6e86000 r--p 00007000 08:01 2012       /lib/i386-linux-gnu/libnss_compat-2.23.so
b6e86000-b6e87000 rw-p 00008000 08:01 2012       /lib/i386-linux-gnu/libnss_compat-2.23.so
b6e87000-b6e88000 r--s 00003000 08:01 475092     /opt/apache-ant-1.9.13/lib/ant-apache-bcel.jar
b6e88000-b6e89000 r--s 00004000 08:01 475136     /opt/apache-ant-1.9.13/lib/ant-launcher.jar
b6e89000-b6e9e000 rw-p 00000000 00:00 0 
b6e9e000-b6ec2000 r-xp 00000000 08:01 141660     /usr/lib/jvm/jdk1.8.0_141/jre/lib/i386/libjava.so
b6ec2000-b6ec3000 rw-p 00024000 08:01 141660     /usr/lib/jvm/jdk1.8.0_141/jre/lib/i386/libjava.so
b6ec3000-b6eca000 r-xp 00000000 08:01 2071       /lib/i386-linux-gnu/librt-2.23.so
b6eca000-b6ecb000 r--p 00006000 08:01 2071       /lib/i386-linux-gnu/librt-2.23.so
b6ecb000-b6ecc000 rw-p 00007000 08:01 2071       /lib/i386-linux-gnu/librt-2.23.so
b6ecc000-b6ecf000 ---p 00000000 00:00 0 
b6ecf000-b6f1d000 rw-p 00000000 00:00 0 
b6f1d000-b6f70000 r-xp 00000000 08:01 1989       /lib/i386-linux-gnu/libm-2.23.so
b6f70000-b6f71000 r--p 00052000 08:01 1989       /lib/i386-linux-gnu/libm-2.23.so
b6f71000-b6f72000 rw-p 00053000 08:01 1989       /lib/i386-linux-gnu/libm-2.23.so
b6f72000-b7903000 r-xp 00000000 08:01 141646     /usr/lib/jvm/jdk1.8.0_141/jre/lib/i386/server/libjvm.so
b7903000-b7971000 rw-p 00990000 08:01 141646     /usr/lib/jvm/jdk1.8.0_141/jre/lib/i386/server/libjvm.so
b7971000-b7d9b000 rw-p 00000000 00:00 0 
b7d9b000-b7f4b000 r-xp 00000000 08:01 1919       /lib/i386-linux-gnu/libc-2.23.so
b7f4b000-b7f4d000 r--p 001af000 08:01 1919       /lib/i386-linux-gnu/libc-2.23.so
b7f4d000-b7f4e000 rw-p 001b1000 08:01 1919       /lib/i386-linux-gnu/libc-2.23.so
b7f4e000-b7f51000 rw-p 00000000 00:00 0 
b7f51000-b7f54000 r-xp 00000000 08:01 1943       /lib/i386-linux-gnu/libdl-2.23.so
b7f54000-b7f55000 r--p 00002000 08:01 1943       /lib/i386-linux-gnu/libdl-2.23.so
b7f55000-b7f56000 rw-p 00003000 08:01 1943       /lib/i386-linux-gnu/libdl-2.23.so
b7f56000-b7f6a000 r-xp 00000000 08:01 141653     /usr/lib/jvm/jdk1.8.0_141/jre/lib/i386/jli/libjli.so
b7f6a000-b7f6b000 rw-p 00014000 08:01 141653     /usr/lib/jvm/jdk1.8.0_141/jre/lib/i386/jli/libjli.so
b7f6b000-b7f84000 r-xp 00000000 08:01 2063       /lib/i386-linux-gnu/libpthread-2.23.so
b7f84000-b7f85000 r--p 00018000 08:01 2063       /lib/i386-linux-gnu/libpthread-2.23.so
b7f85000-b7f86000 rw-p 00019000 08:01 2063       /lib/i386-linux-gnu/libpthread-2.23.so
b7f86000-b7f88000 rw-p 00000000 00:00 0 
b7f88000-b7f89000 r--p 00741000 08:01 273344     /usr/lib/locale/locale-archive
b7f89000-b7f91000 rw-s 00000000 08:01 666113     /tmp/hsperfdata_dp2/9866
b7f91000-b7f92000 rw-p 00000000 00:00 0 
b7f92000-b7f93000 ---p 00000000 00:00 0 
b7f93000-b7f9e000 r-xp 00000000 08:01 141612     /usr/lib/jvm/jdk1.8.0_141/jre/lib/i386/libverify.so
b7f9e000-b7f9f000 rw-p 0000b000 08:01 141612     /usr/lib/jvm/jdk1.8.0_141/jre/lib/i386/libverify.so
b7f9f000-b7fa0000 rw-p 00000000 00:00 0 
b7fa0000-b7fa3000 r--p 00000000 00:00 0          [vvar]
b7fa3000-b7fa5000 r-xp 00000000 00:00 0          [vdso]
b7fa5000-b7fc8000 r-xp 00000000 08:01 1891       /lib/i386-linux-gnu/ld-2.23.so
b7fc8000-b7fc9000 r--p 00022000 08:01 1891       /lib/i386-linux-gnu/ld-2.23.so
b7fc9000-b7fca000 rw-p 00023000 08:01 1891       /lib/i386-linux-gnu/ld-2.23.so
bf9eb000-bfa0c000 rw-p 00000000 00:00 0          [stack]

VM Arguments:
jvm_args: -Dant.home=/opt/apache-ant-1.9.13 -Dant.library.dir=/opt/apache-ant-1.9.13/lib 
java_command: org.apache.tools.ant.launch.Launcher -cp  run-tests
java_class_path (initial): /opt/apache-ant-1.9.13/lib/ant-launcher.jar
Launcher Type: SUN_STANDARD

Environment Variables:
JAVA_HOME=/usr/lib/jvm/jdk1.8.0_141
PATH=/home/dp2/bin:/home/dp2/.local/bin:/usr/local/sbin:/usr/local/bin:/usr/sbin:/usr/bin:/sbin:/bin:/usr/games:/usr/local/games:/opt/tomcat/apache-tomcat-8.5.20/bin:/usr/lib/jvm/jdk1.8.0_141/bin:/opt/apache-ant-1.9.13/bin:/snap/bin
SHELL=/bin/bash
DISPLAY=:0

Signal Handlers:
SIGSEGV: [libjvm.so+0x8dbed0], sa_mask[0]=11111111011111111101111111111110, sa_flags=SA_RESTART|SA_SIGINFO
SIGBUS: [libjvm.so+0x8dbed0], sa_mask[0]=11111111011111111101111111111110, sa_flags=SA_RESTART|SA_SIGINFO
SIGFPE: [libjvm.so+0x758b80], sa_mask[0]=11111111011111111101111111111110, sa_flags=SA_RESTART|SA_SIGINFO
SIGPIPE: [libjvm.so+0x758b80], sa_mask[0]=11111111011111111101111111111110, sa_flags=SA_RESTART|SA_SIGINFO
SIGXFSZ: [libjvm.so+0x758b80], sa_mask[0]=11111111011111111101111111111110, sa_flags=SA_RESTART|SA_SIGINFO
SIGILL: [libjvm.so+0x758b80], sa_mask[0]=11111111011111111101111111111110, sa_flags=SA_RESTART|SA_SIGINFO
SIGUSR1: SIG_DFL, sa_mask[0]=00000000000000000000000000000000, sa_flags=none
SIGUSR2: [libjvm.so+0x75a430], sa_mask[0]=00000000000000000000000000000000, sa_flags=SA_RESTART|SA_SIGINFO
SIGHUP: [libjvm.so+0x75b8e0], sa_mask[0]=11111111011111111101111111111110, sa_flags=SA_RESTART|SA_SIGINFO
SIGINT: [libjvm.so+0x75b8e0], sa_mask[0]=11111111011111111101111111111110, sa_flags=SA_RESTART|SA_SIGINFO
SIGTERM: [libjvm.so+0x75b8e0], sa_mask[0]=11111111011111111101111111111110, sa_flags=SA_RESTART|SA_SIGINFO
SIGQUIT: [libjvm.so+0x75b8e0], sa_mask[0]=11111111011111111101111111111110, sa_flags=SA_RESTART|SA_SIGINFO


---------------  S Y S T E M  ---------------

OS:DISTRIB_ID=Ubuntu
DISTRIB_RELEASE=16.04
DISTRIB_CODENAME=xenial
DISTRIB_DESCRIPTION="Ubuntu 16.04.5 LTS"

uname:Linux 4.15.0-34-generic #37~16.04.1-Ubuntu SMP Tue Aug 28 10:43:57 UTC 2018 i686
libc:glibc 2.23 NPTL 2.23 
rlimit: STACK 8192k, CORE 0k, NPROC 27577, NOFILE 1048576, AS infinity
load average:1,19 0,62 0,39

/proc/meminfo:
MemTotal:        3581060 kB
MemFree:          186924 kB
MemAvailable:       4604 kB
Buffers:            3788 kB
Cached:           160056 kB
SwapCached:            0 kB
Active:          3171840 kB
Inactive:         140708 kB
Active(anon):    3149540 kB
Inactive(anon):    91148 kB
Active(file):      22300 kB
Inactive(file):    49560 kB
Unevictable:          80 kB
Mlocked:              80 kB
HighTotal:       2723784 kB
HighFree:          34224 kB
LowTotal:         857276 kB
LowFree:          152700 kB
SwapTotal:             0 kB
SwapFree:              0 kB
Dirty:               424 kB
Writeback:             0 kB
AnonPages:       3148832 kB
Mapped:           111828 kB
Shmem:             91952 kB
Slab:              37548 kB
SReclaimable:      17568 kB
SUnreclaim:        19980 kB
KernelStack:        6000 kB
PageTables:        20668 kB
NFS_Unstable:          0 kB
Bounce:                0 kB
WritebackTmp:          0 kB
CommitLimit:     1790528 kB
Committed_AS:    7656920 kB
VmallocTotal:     122880 kB
VmallocUsed:           0 kB
VmallocChunk:          0 kB
AnonHugePages:         0 kB
ShmemHugePages:        0 kB
ShmemPmdMapped:        0 kB
CmaTotal:              0 kB
CmaFree:               0 kB
HugePages_Total:       0
HugePages_Free:        0
HugePages_Rsvd:        0
HugePages_Surp:        0
Hugepagesize:       2048 kB
DirectMap4k:       16376 kB
DirectMap2M:      892928 kB


CPU:total 4 (initial active 4) (4 cores per cpu, 1 threads per core) family 6 model 158 stepping 9, cmov, cx8, fxsr, mmx, sse, sse2, sse3, ssse3, sse4.1, sse4.2, popcnt, avx, avx2, aes, clmul, 3dnowpref, lzcnt, tsc, tscinvbit

/proc/cpuinfo:
processor	: 0
vendor_id	: GenuineIntel
cpu family	: 6
model		: 158
model name	: Intel(R) Core(TM) i7-7700HQ CPU @ 2.80GHz
stepping	: 9
cpu MHz		: 2808.004
cache size	: 6144 KB
physical id	: 0
siblings	: 4
core id		: 0
cpu cores	: 4
apicid		: 0
initial apicid	: 0
fdiv_bug	: no
f00f_bug	: no
coma_bug	: no
fpu		: yes
fpu_exception	: yes
cpuid level	: 22
wp		: yes
flags		: fpu vme de pse tsc msr pae mce cx8 apic sep mtrr pge mca cmov pat pse36 clflush mmx fxsr sse sse2 ht nx rdtscp constant_tsc xtopology nonstop_tsc cpuid pni pclmulqdq ssse3 cx16 sse4_1 sse4_2 x2apic movbe popcnt aes xsave avx rdrand hypervisor lahf_lm abm 3dnowprefetch fsgsbase avx2 invpcid rdseed clflushopt flush_l1d
bugs		: cpu_meltdown spectre_v1 spectre_v2 spec_store_bypass l1tf
bogomips	: 5616.00
clflush size	: 64
cache_alignment	: 64
address sizes	: 39 bits physical, 48 bits virtual
power management:

processor	: 1
vendor_id	: GenuineIntel
cpu family	: 6
model		: 158
model name	: Intel(R) Core(TM) i7-7700HQ CPU @ 2.80GHz
stepping	: 9
cpu MHz		: 2808.004
cache size	: 6144 KB
physical id	: 0
siblings	: 4
core id		: 1
cpu cores	: 4
apicid		: 1
initial apicid	: 1
fdiv_bug	: no
f00f_bug	: no
coma_bug	: no
fpu		: yes
fpu_exception	: yes
cpuid level	: 22
wp		: yes
flags		: fpu vme de pse tsc msr pae mce cx8 apic sep mtrr pge mca cmov pat pse36 clflush mmx fxsr sse sse2 ht nx rdtscp constant_tsc xtopology nonstop_tsc cpuid pni pclmulqdq ssse3 cx16 sse4_1 sse4_2 x2apic movbe popcnt aes xsave avx rdrand hypervisor lahf_lm abm 3dnowprefetch fsgsbase avx2 invpcid rdseed clflushopt flush_l1d
bugs		: cpu_meltdown spectre_v1 spectre_v2 spec_store_bypass l1tf
bogomips	: 5616.00
clflush size	: 64
cache_alignment	: 64
address sizes	: 39 bits physical, 48 bits virtual
power management:

processor	: 2
vendor_id	: GenuineIntel
cpu family	: 6
model		: 158
model name	: Intel(R) Core(TM) i7-7700HQ CPU @ 2.80GHz
stepping	: 9
cpu MHz		: 2808.004
cache size	: 6144 KB
physical id	: 0
siblings	: 4
core id		: 2
cpu cores	: 4
apicid		: 2
initial apicid	: 2
fdiv_bug	: no
f00f_bug	: no
coma_bug	: no
fpu		: yes
fpu_exception	: yes
cpuid level	: 22
wp		: yes
flags		: fpu vme de pse tsc msr pae mce cx8 apic sep mtrr pge mca cmov pat pse36 clflush mmx fxsr sse sse2 ht nx rdtscp constant_tsc xtopology nonstop_tsc cpuid pni pclmulqdq ssse3 cx16 sse4_1 sse4_2 x2apic movbe popcnt aes xsave avx rdrand hypervisor lahf_lm abm 3dnowprefetch fsgsbase avx2 invpcid rdseed clflushopt flush_l1d
bugs		: cpu_meltdown spectre_v1 spectre_v2 spec_store_bypass l1tf
bogomips	: 5616.00
clflush size	: 64
cache_alignment	: 64
address sizes	: 39 bits physical, 48 bits virtual
power management:

processor	: 3
vendor_id	: GenuineIntel
cpu family	: 6
model		: 158
model name	: Intel(R) Core(TM) i7-7700HQ CPU @ 2.80GHz
stepping	: 9
cpu MHz		: 2808.004
cache size	: 6144 KB
physical id	: 0
siblings	: 4
core id		: 3
cpu cores	: 4
apicid		: 3
initial apicid	: 3
fdiv_bug	: no
f00f_bug	: no
coma_bug	: no
fpu		: yes
fpu_exception	: yes
cpuid level	: 22
wp		: yes
flags		: fpu vme de pse tsc msr pae mce cx8 apic sep mtrr pge mca cmov pat pse36 clflush mmx fxsr sse sse2 ht nx rdtscp constant_tsc xtopology nonstop_tsc cpuid pni pclmulqdq ssse3 cx16 sse4_1 sse4_2 x2apic movbe popcnt aes xsave avx rdrand hypervisor lahf_lm abm 3dnowprefetch fsgsbase avx2 invpcid rdseed clflushopt flush_l1d
bugs		: cpu_meltdown spectre_v1 spectre_v2 spec_store_bypass l1tf
bogomips	: 5616.00
clflush size	: 64
cache_alignment	: 64
address sizes	: 39 bits physical, 48 bits virtual
power management:



Memory: 4k page, physical 3581060k(186924k free), swap 0k(0k free)

vm_info: Java HotSpot(TM) Server VM (25.141-b15) for linux-x86 JRE (1.8.0_141-b15), built on Jul 12 2017 04:33:09 by "java_re" with gcc 4.3.0 20080428 (Red Hat 4.3.0-8)

time: Sat Jan 25 19:14:45 2020
elapsed time: 27 seconds (0d 0h 0m 27s)

